2024-12-05 01:08:45|错误代码:[-100],错误信息:[Trying to access array offset on value of type bool],文件:[/www/swoole.php],行号:[125],地址:[],来源:[]
2024-12-05 01:08:45|错误代码:[-100],错误信息:[Trying to access array offset on value of type bool],文件:[/www/swoole.php],行号:[127],地址:[],来源:[]
<pre>PHP Fatal Error 2024-12-05 01:08:45
Error:Array
(
    [type] => 1
    [message] => Uncaught PDOException: SQLSTATE[23000]: Integrity constraint violation: 1048 Column 'to_id' cannot be null in /www/PdoHelper.php:53
Stack trace:
#0 /www/PdoHelper.php(53): PDO->exec('INSERT INTO cha...')
#1 /www/mysql.php(74): PdoHelper->exec('INSERT INTO cha...')
#2 /www/mysql.php(190): Model->insert(Array)
#3 /www/swoole.php(133): ChatRecord->create(Array)
#4 [internal function]: {closure}(Object(Swoole\WebSocket\Server), Object(Swoole\WebSocket\Frame))
#5 {main}
  thrown
    [file] => /www/PdoHelper.php
    [line] => 53
)

Time:2024-12-05 01:08:45
Request: Array
(
    [_GET] => Array
        (
        )

    [_POST] => Array
        (
        )

    [_COOKIE] => Array
        (
        )

    [_FILES] => Array
        (
        )

    [argv] => Array
        (
            [0] => swoole.php
        )

    [argc] => 1
    [GLOBALS] => Array
 *RECURSION*
    [_SERVER] => Array
        (
            [HOSTNAME] => 33c43998c091
            [PHP_INI_DIR] => /usr/local/etc/php
            [SHLVL] => 1
            [HOME] => /root
            [PHP_LDFLAGS] => -Wl,-O1 -pie
            [PHP_CFLAGS] => -fstack-protector-strong -fpic -fpie -O2 -D_LARGEFILE_SOURCE -D_FILE_OFFSET_BITS=64
            [PHP_VERSION] => 8.0.30
            [COMPOSER_HOME] => /tmp/composer
            [GPG_KEYS] => 1729F83938DA44E27BA0F4D3DBDB397470D12172 BFDDD28642824F8118EF77909B67A5C12229118F 2C16C765DBE54A088130F1BC4B9B5F600B55F3B4 39B641343D8C104B2B146DC3F9C39DC0B9698544
            [PHP_CPPFLAGS] => -fstack-protector-strong -fpic -fpie -O2 -D_LARGEFILE_SOURCE -D_FILE_OFFSET_BITS=64
            [PHP_ASC_URL] => https://www.php.net/distributions/php-8.0.30.tar.xz.asc
            [PHP_URL] => https://www.php.net/distributions/php-8.0.30.tar.xz
            [TERM] => xterm
            [PATH] => /usr/local/sbin:/usr/local/bin:/usr/sbin:/usr/bin:/sbin:/bin
            [LD_PRELOAD] => /usr/lib/preloadable_libiconv.so php
            [PHPIZE_DEPS] => autoconf 		dpkg-dev dpkg 		file 		g++ 		gcc 		libc-dev 		make 		pkgconf 		re2c
            [PWD] => /www
            [PHP_SHA256] => 216ab305737a5d392107112d618a755dc5df42058226f1670e9db90e77d777d9
            [PHP_SELF] => swoole.php
            [SCRIPT_NAME] => swoole.php
            [SCRIPT_FILENAME] => swoole.php
            [PATH_TRANSLATED] => swoole.php
            [DOCUMENT_ROOT] => 
            [REQUEST_TIME_FLOAT] => 1733360900.4742
            [REQUEST_TIME] => 1733360900
            [argv] => Array
                (
                    [0] => swoole.php
                )

            [argc] => 1
        )

    [server] => Swoole\WebSocket\Server Object
        (
            [onStart:Swoole\Server:private] => Closure Object
                (
                    [parameter] => Array
                        (
                            [$server] => <required>
                        )

                )

            [onBeforeShutdown:Swoole\Server:private] => 
            [onShutdown:Swoole\Server:private] => 
            [onWorkerStart:Swoole\Server:private] => 
            [onWorkerStop:Swoole\Server:private] => 
            [onBeforeReload:Swoole\Server:private] => 
            [onAfterReload:Swoole\Server:private] => 
            [onWorkerExit:Swoole\Server:private] => 
            [onWorkerError:Swoole\Server:private] => 
            [onTask:Swoole\Server:private] => 
            [onFinish:Swoole\Server:private] => 
            [onManagerStart:Swoole\Server:private] => 
            [onManagerStop:Swoole\Server:private] => 
            [onPipeMessage:Swoole\Server:private] => 
            [setting] => Array
                (
                    [worker_num] => 1
                    [task_worker_num] => 0
                    [output_buffer_size] => 4294967295
                    [max_connection] => 100000
                    [open_http_protocol] => 1
                    [open_mqtt_protocol] => 
                    [open_eof_check] => 
                    [open_length_check] => 
                    [open_websocket_protocol] => 1
                )

            [connections] => Swoole\Connection\Iterator Object
                (
                )

            [host] => 0.0.0.0
            [port] => 9501
            [type] => 1
            [ssl] => 
            [mode] => 1
            [ports] => Array
                (
                    [0] => Swoole\Server\Port Object
                        (
                            [onConnect:Swoole\Server\Port:private] => 
                            [onReceive:Swoole\Server\Port:private] => 
                            [onClose:Swoole\Server\Port:private] => Closure Object
                                (
                                    [parameter] => Array
                                        (
                                            [$server] => <required>
                                            [$fd] => <required>
                                        )

                                )

                            [onPacket:Swoole\Server\Port:private] => 
                            [onBufferFull:Swoole\Server\Port:private] => 
                            [onBufferEmpty:Swoole\Server\Port:private] => 
                            [onRequest:Swoole\Server\Port:private] => 
                            [onHandshake:Swoole\Server\Port:private] => 
                            [onOpen:Swoole\Server\Port:private] => Closure Object
                                (
                                    [parameter] => Array
                                        (
                                            [$server] => <required>
                                            [$req] => <required>
                                        )

                                )

                            [onMessage:Swoole\Server\Port:private] => Closure Object
                                (
                                    [static] => Array
                                        (
                                            [chat_member] => ChatMember Object
                                                (
                                                    [table] => chat_member
                                                    [db] => PdoHelper Object
                                                        (
                                                            [host] => mysql
                                                            [dbname] => fish_im
                                                            [username] => root
                                                            [password] => 123456
                                                            [port] => 3306
                                                            [charset] => utf8
                                                            [pdo] => PDO Object
                                                                (
                                                                )

                                                        )

                                                    [db_prefix] => 
                                                    [sql_query_builder] => SqlQueryBuilder Object
                                                        (
                                                            [field_sql] => 
                                                            [table_sql] => 
                                                            [where_sql] => 
                                                            [orderby_sql] => 
                                                            [groupby_sql] => 
                                                            [having_sql] => 
                                                            [limit_sql] => 
                                                        )

                                                )

                                            [chat_msgbox] => ChatMsgbox Object
                                                (
                                                    [table] => chat_msgbox
                                                    [db] => PdoHelper Object
                                                        (
                                                            [host] => mysql
                                                            [dbname] => fish_im
                                                            [username] => root
                                                            [password] => 123456
                                                            [port] => 3306
                                                            [charset] => utf8
                                                            [pdo] => PDO Object
                                                                (
                                                                )

                                                        )

                                                    [db_prefix] => 
                                                    [sql_query_builder] => SqlQueryBuilder Object
                                                        (
                                                            [field_sql] => *
                                                            [table_sql] => 
                                                            [where_sql] => 
                                                            [orderby_sql] => 
                                                            [groupby_sql] => 
                                                            [having_sql] => 
                                                            [limit_sql] => 
                                                        )

                                                )

                                            [chat_record] => ChatRecord Object
                                                (
                                                    [table] => chat_record
                                                    [db] => PdoHelper Object
                                                        (
                                                            [host] => mysql
                                                            [dbname] => fish_im
                                                            [username] => root
                                                            [password] => 123456
                                                            [port] => 3306
                                                            [charset] => utf8
                                                            [pdo] => PDO Object
                                                                (
                                                                )

                                                        )

                                                    [db_prefix] => 
                                                    [sql_query_builder] => SqlQueryBuilder Object
                                                        (
                                                            [field_sql] => *
                                                            [table_sql] => chat_record
                                                            [where_sql] => 
                                                            [orderby_sql] => 
                                                            [groupby_sql] => 
                                                            [having_sql] => 
                                                            [limit_sql] => 
                                                        )

                                                )

                                        )

                                    [parameter] => Array
                                        (
                                            [$server] => <required>
                                            [$frame] => <required>
                                        )

                                )

                            [onDisconnect:Swoole\Server\Port:private] => 
                            [onBeforeHandshakeResponse:Swoole\Server\Port:private] => 
                            [host] => 0.0.0.0
                            [port] => 9501
                            [type] => 1
                            [sock] => 3
                            [ssl] => 
                            [setting] => 
                            [connections] => Swoole\Connection\Iterator Object
                                (
                                )

                        )

                )

            [master_pid] => 65
            [manager_pid] => 0
            [worker_id] => 0
            [taskworker] => 
            [worker_pid] => 65
            [stats_timer] => 
            [admin_server] => 
        )

    [chat_member] => ChatMember Object
        (
            [table] => chat_member
            [db] => PdoHelper Object
                (
                    [host] => mysql
                    [dbname] => fish_im
                    [username] => root
                    [password] => 123456
                    [port] => 3306
                    [charset] => utf8
                    [pdo] => PDO Object
                        (
                        )

                )

            [db_prefix] => 
            [sql_query_builder] => SqlQueryBuilder Object
                (
                    [field_sql] => 
                    [table_sql] => 
                    [where_sql] => 
                    [orderby_sql] => 
                    [groupby_sql] => 
                    [having_sql] => 
                    [limit_sql] => 
                )

        )

    [chat_record] => ChatRecord Object
        (
            [table] => chat_record
            [db] => PdoHelper Object
                (
                    [host] => mysql
                    [dbname] => fish_im
                    [username] => root
                    [password] => 123456
                    [port] => 3306
                    [charset] => utf8
                    [pdo] => PDO Object
                        (
                        )

                )

            [db_prefix] => 
            [sql_query_builder] => SqlQueryBuilder Object
                (
                    [field_sql] => *
                    [table_sql] => chat_record
                    [where_sql] => 
                    [orderby_sql] => 
                    [groupby_sql] => 
                    [having_sql] => 
                    [limit_sql] => 
                )

        )

    [chat_msgbox] => ChatMsgbox Object
        (
            [table] => chat_msgbox
            [db] => PdoHelper Object
                (
                    [host] => mysql
                    [dbname] => fish_im
                    [username] => root
                    [password] => 123456
                    [port] => 3306
                    [charset] => utf8
                    [pdo] => PDO Object
                        (
                        )

                )

            [db_prefix] => 
            [sql_query_builder] => SqlQueryBuilder Object
                (
                    [field_sql] => *
                    [table_sql] => 
                    [where_sql] => 
                    [orderby_sql] => 
                    [groupby_sql] => 
                    [having_sql] => 
                    [limit_sql] => 
                )

        )

)

2024-12-05 01:41:04|错误代码:[-100],错误信息:[Swoole\WebSocket\Server::push(): session#0 does not exists],文件:[/www/swoole.php],行号:[166],地址:[],来源:[]
2024-12-05 01:58:01|错误代码:[-100],错误信息:[Swoole\WebSocket\Server::push(): session#44 does not exists],文件:[/www/swoole.php],行号:[166],地址:[],来源:[]
2024-12-05 02:11:39|错误代码:[-100],错误信息:[Swoole\WebSocket\Server::push(): session#55 does not exists],文件:[/www/swoole.php],行号:[166],地址:[],来源:[]
2024-12-05 02:16:56|错误代码:[-100],错误信息:[Swoole\WebSocket\Server::push(): session#59 does not exists],文件:[/www/swoole.php],行号:[166],地址:[],来源:[]
2024-12-05 02:48:23|错误代码:[-100],错误信息:[Swoole\WebSocket\Server::push(): session#92 does not exists],文件:[/www/swoole.php],行号:[169],地址:[],来源:[]
2024-12-05 02:57:19|错误代码:[-100],错误信息:[Swoole\WebSocket\Server::push(): session#2 does not exists],文件:[/www/swoole.php],行号:[169],地址:[],来源:[]
2024-12-05 02:57:40|错误代码:[-100],错误信息:[Swoole\WebSocket\Server::push(): session#2 does not exists],文件:[/www/swoole.php],行号:[169],地址:[],来源:[]
2024-12-05 02:58:20|错误代码:[-100],错误信息:[Swoole\WebSocket\Server::push(): session#2 does not exists],文件:[/www/swoole.php],行号:[169],地址:[],来源:[]
2024-12-05 02:58:56|错误代码:[-100],错误信息:[Swoole\WebSocket\Server::push(): session#2 does not exists],文件:[/www/swoole.php],行号:[169],地址:[],来源:[]
2024-12-05 02:59:10|错误代码:[-100],错误信息:[Swoole\WebSocket\Server::push(): session#2 does not exists],文件:[/www/swoole.php],行号:[169],地址:[],来源:[]
2024-12-05 02:59:19|错误代码:[-100],错误信息:[Swoole\WebSocket\Server::push(): session#2 does not exists],文件:[/www/swoole.php],行号:[169],地址:[],来源:[]
2024-12-05 03:00:07|错误代码:[-100],错误信息:[Swoole\WebSocket\Server::push(): session#2 does not exists],文件:[/www/swoole.php],行号:[169],地址:[],来源:[]
2024-12-05 03:00:11|错误代码:[-100],错误信息:[Swoole\WebSocket\Server::push(): session#2 does not exists],文件:[/www/swoole.php],行号:[169],地址:[],来源:[]
2024-12-05 03:01:41|错误代码:[-100],错误信息:[Swoole\WebSocket\Server::push(): session#2 does not exists],文件:[/www/swoole.php],行号:[169],地址:[],来源:[]
2024-12-05 03:02:15|错误代码:[-100],错误信息:[Swoole\WebSocket\Server::push(): session#2 does not exists],文件:[/www/swoole.php],行号:[169],地址:[],来源:[]
2024-12-05 03:03:29|错误代码:[-100],错误信息:[Swoole\WebSocket\Server::push(): session#2 does not exists],文件:[/www/swoole.php],行号:[169],地址:[],来源:[]
2024-12-05 03:08:13|错误代码:[-100],错误信息:[Undefined array key "content"],文件:[/www/swoole.php],行号:[133],地址:[],来源:[]
<pre>PHP Fatal Error 2024-12-05 03:08:13
Error:Array
(
    [type] => 1
    [message] => Uncaught PDOException: SQLSTATE[23000]: Integrity constraint violation: 1048 Column 'content' cannot be null in /www/PdoHelper.php:53
Stack trace:
#0 /www/PdoHelper.php(53): PDO->exec('INSERT INTO cha...')
#1 /www/mysql.php(74): PdoHelper->exec('INSERT INTO cha...')
#2 /www/mysql.php(190): Model->insert(Array)
#3 /www/swoole.php(136): ChatRecord->create(Array)
#4 [internal function]: {closure}(Object(Swoole\WebSocket\Server), Object(Swoole\WebSocket\Frame))
#5 {main}
  thrown
    [file] => /www/PdoHelper.php
    [line] => 53
)

Time:2024-12-05 03:08:13
Request: Array
(
    [_GET] => Array
        (
        )

    [_POST] => Array
        (
        )

    [_COOKIE] => Array
        (
        )

    [_FILES] => Array
        (
        )

    [argv] => Array
        (
            [0] => swoole.php
        )

    [argc] => 1
    [GLOBALS] => Array
 *RECURSION*
    [_SERVER] => Array
        (
            [HOSTNAME] => 33c43998c091
            [PHP_INI_DIR] => /usr/local/etc/php
            [SHLVL] => 1
            [HOME] => /root
            [PHP_LDFLAGS] => -Wl,-O1 -pie
            [PHP_CFLAGS] => -fstack-protector-strong -fpic -fpie -O2 -D_LARGEFILE_SOURCE -D_FILE_OFFSET_BITS=64
            [PHP_VERSION] => 8.0.30
            [COMPOSER_HOME] => /tmp/composer
            [GPG_KEYS] => 1729F83938DA44E27BA0F4D3DBDB397470D12172 BFDDD28642824F8118EF77909B67A5C12229118F 2C16C765DBE54A088130F1BC4B9B5F600B55F3B4 39B641343D8C104B2B146DC3F9C39DC0B9698544
            [PHP_CPPFLAGS] => -fstack-protector-strong -fpic -fpie -O2 -D_LARGEFILE_SOURCE -D_FILE_OFFSET_BITS=64
            [PHP_ASC_URL] => https://www.php.net/distributions/php-8.0.30.tar.xz.asc
            [PHP_URL] => https://www.php.net/distributions/php-8.0.30.tar.xz
            [TERM] => xterm
            [PATH] => /usr/local/sbin:/usr/local/bin:/usr/sbin:/usr/bin:/sbin:/bin
            [LD_PRELOAD] => /usr/lib/preloadable_libiconv.so php
            [PHPIZE_DEPS] => autoconf 		dpkg-dev dpkg 		file 		g++ 		gcc 		libc-dev 		make 		pkgconf 		re2c
            [PWD] => /www
            [PHP_SHA256] => 216ab305737a5d392107112d618a755dc5df42058226f1670e9db90e77d777d9
            [PHP_SELF] => swoole.php
            [SCRIPT_NAME] => swoole.php
            [SCRIPT_FILENAME] => swoole.php
            [PATH_TRANSLATED] => swoole.php
            [DOCUMENT_ROOT] => 
            [REQUEST_TIME_FLOAT] => 1733367844.5399
            [REQUEST_TIME] => 1733367844
            [argv] => Array
                (
                    [0] => swoole.php
                )

            [argc] => 1
        )

    [server] => Swoole\WebSocket\Server Object
        (
            [onStart:Swoole\Server:private] => Closure Object
                (
                    [parameter] => Array
                        (
                            [$server] => <required>
                        )

                )

            [onBeforeShutdown:Swoole\Server:private] => 
            [onShutdown:Swoole\Server:private] => 
            [onWorkerStart:Swoole\Server:private] => 
            [onWorkerStop:Swoole\Server:private] => 
            [onBeforeReload:Swoole\Server:private] => 
            [onAfterReload:Swoole\Server:private] => 
            [onWorkerExit:Swoole\Server:private] => 
            [onWorkerError:Swoole\Server:private] => 
            [onTask:Swoole\Server:private] => 
            [onFinish:Swoole\Server:private] => 
            [onManagerStart:Swoole\Server:private] => 
            [onManagerStop:Swoole\Server:private] => 
            [onPipeMessage:Swoole\Server:private] => 
            [setting] => Array
                (
                    [worker_num] => 1
                    [task_worker_num] => 0
                    [output_buffer_size] => 4294967295
                    [max_connection] => 100000
                    [open_http_protocol] => 1
                    [open_mqtt_protocol] => 
                    [open_eof_check] => 
                    [open_length_check] => 
                    [open_websocket_protocol] => 1
                )

            [connections] => Swoole\Connection\Iterator Object
                (
                )

            [host] => 0.0.0.0
            [port] => 9501
            [type] => 1
            [ssl] => 
            [mode] => 1
            [ports] => Array
                (
                    [0] => Swoole\Server\Port Object
                        (
                            [onConnect:Swoole\Server\Port:private] => 
                            [onReceive:Swoole\Server\Port:private] => 
                            [onClose:Swoole\Server\Port:private] => Closure Object
                                (
                                    [parameter] => Array
                                        (
                                            [$server] => <required>
                                            [$fd] => <required>
                                        )

                                )

                            [onPacket:Swoole\Server\Port:private] => 
                            [onBufferFull:Swoole\Server\Port:private] => 
                            [onBufferEmpty:Swoole\Server\Port:private] => 
                            [onRequest:Swoole\Server\Port:private] => 
                            [onHandshake:Swoole\Server\Port:private] => 
                            [onOpen:Swoole\Server\Port:private] => Closure Object
                                (
                                    [parameter] => Array
                                        (
                                            [$server] => <required>
                                            [$req] => <required>
                                        )

                                )

                            [onMessage:Swoole\Server\Port:private] => Closure Object
                                (
                                    [static] => Array
                                        (
                                            [chat_member] => ChatMember Object
                                                (
                                                    [table] => chat_member
                                                    [db] => PdoHelper Object
                                                        (
                                                            [host] => mysql
                                                            [dbname] => fish_im
                                                            [username] => root
                                                            [password] => 123456
                                                            [port] => 3306
                                                            [charset] => utf8
                                                            [pdo] => PDO Object
                                                                (
                                                                )

                                                        )

                                                    [db_prefix] => 
                                                    [sql_query_builder] => SqlQueryBuilder Object
                                                        (
                                                            [field_sql] => 
                                                            [table_sql] => 
                                                            [where_sql] => 
                                                            [orderby_sql] => 
                                                            [groupby_sql] => 
                                                            [having_sql] => 
                                                            [limit_sql] => 
                                                        )

                                                )

                                            [chat_msgbox] => ChatMsgbox Object
                                                (
                                                    [table] => chat_msgbox
                                                    [db] => PdoHelper Object
                                                        (
                                                            [host] => mysql
                                                            [dbname] => fish_im
                                                            [username] => root
                                                            [password] => 123456
                                                            [port] => 3306
                                                            [charset] => utf8
                                                            [pdo] => PDO Object
                                                                (
                                                                )

                                                        )

                                                    [db_prefix] => 
                                                    [sql_query_builder] => SqlQueryBuilder Object
                                                        (
                                                            [field_sql] => *
                                                            [table_sql] => 
                                                            [where_sql] => 
                                                            [orderby_sql] => 
                                                            [groupby_sql] => 
                                                            [having_sql] => 
                                                            [limit_sql] => 
                                                        )

                                                )

                                            [chat_record] => ChatRecord Object
                                                (
                                                    [table] => chat_record
                                                    [db] => PdoHelper Object
                                                        (
                                                            [host] => mysql
                                                            [dbname] => fish_im
                                                            [username] => root
                                                            [password] => 123456
                                                            [port] => 3306
                                                            [charset] => utf8
                                                            [pdo] => PDO Object
                                                                (
                                                                )

                                                        )

                                                    [db_prefix] => 
                                                    [sql_query_builder] => SqlQueryBuilder Object
                                                        (
                                                            [field_sql] => *
                                                            [table_sql] => chat_record
                                                            [where_sql] => 
                                                            [orderby_sql] => 
                                                            [groupby_sql] => 
                                                            [having_sql] => 
                                                            [limit_sql] => 
                                                        )

                                                )

                                        )

                                    [parameter] => Array
                                        (
                                            [$server] => <required>
                                            [$frame] => <required>
                                        )

                                )

                            [onDisconnect:Swoole\Server\Port:private] => 
                            [onBeforeHandshakeResponse:Swoole\Server\Port:private] => 
                            [host] => 0.0.0.0
                            [port] => 9501
                            [type] => 1
                            [sock] => 3
                            [ssl] => 
                            [setting] => 
                            [connections] => Swoole\Connection\Iterator Object
                                (
                                )

                        )

                )

            [master_pid] => 69
            [manager_pid] => 0
            [worker_id] => 0
            [taskworker] => 
            [worker_pid] => 69
            [stats_timer] => 
            [admin_server] => 
        )

    [chat_member] => ChatMember Object
        (
            [table] => chat_member
            [db] => PdoHelper Object
                (
                    [host] => mysql
                    [dbname] => fish_im
                    [username] => root
                    [password] => 123456
                    [port] => 3306
                    [charset] => utf8
                    [pdo] => PDO Object
                        (
                        )

                )

            [db_prefix] => 
            [sql_query_builder] => SqlQueryBuilder Object
                (
                    [field_sql] => 
                    [table_sql] => 
                    [where_sql] => 
                    [orderby_sql] => 
                    [groupby_sql] => 
                    [having_sql] => 
                    [limit_sql] => 
                )

        )

    [chat_record] => ChatRecord Object
        (
            [table] => chat_record
            [db] => PdoHelper Object
                (
                    [host] => mysql
                    [dbname] => fish_im
                    [username] => root
                    [password] => 123456
                    [port] => 3306
                    [charset] => utf8
                    [pdo] => PDO Object
                        (
                        )

                )

            [db_prefix] => 
            [sql_query_builder] => SqlQueryBuilder Object
                (
                    [field_sql] => *
                    [table_sql] => chat_record
                    [where_sql] => 
                    [orderby_sql] => 
                    [groupby_sql] => 
                    [having_sql] => 
                    [limit_sql] => 
                )

        )

    [chat_msgbox] => ChatMsgbox Object
        (
            [table] => chat_msgbox
            [db] => PdoHelper Object
                (
                    [host] => mysql
                    [dbname] => fish_im
                    [username] => root
                    [password] => 123456
                    [port] => 3306
                    [charset] => utf8
                    [pdo] => PDO Object
                        (
                        )

                )

            [db_prefix] => 
            [sql_query_builder] => SqlQueryBuilder Object
                (
                    [field_sql] => *
                    [table_sql] => 
                    [where_sql] => 
                    [orderby_sql] => 
                    [groupby_sql] => 
                    [having_sql] => 
                    [limit_sql] => 
                )

        )

)

2024-12-05 03:08:54|错误代码:[-100],错误信息:[Undefined array key "content"],文件:[/www/swoole.php],行号:[133],地址:[],来源:[]
<pre>PHP Fatal Error 2024-12-05 03:08:54
Error:Array
(
    [type] => 1
    [message] => Uncaught PDOException: SQLSTATE[23000]: Integrity constraint violation: 1048 Column 'content' cannot be null in /www/PdoHelper.php:53
Stack trace:
#0 /www/PdoHelper.php(53): PDO->exec('INSERT INTO cha...')
#1 /www/mysql.php(74): PdoHelper->exec('INSERT INTO cha...')
#2 /www/mysql.php(190): Model->insert(Array)
#3 /www/swoole.php(136): ChatRecord->create(Array)
#4 [internal function]: {closure}(Object(Swoole\WebSocket\Server), Object(Swoole\WebSocket\Frame))
#5 {main}
  thrown
    [file] => /www/PdoHelper.php
    [line] => 53
)

Time:2024-12-05 03:08:54
Request: Array
(
    [_GET] => Array
        (
        )

    [_POST] => Array
        (
        )

    [_COOKIE] => Array
        (
        )

    [_FILES] => Array
        (
        )

    [argv] => Array
        (
            [0] => swoole.php
        )

    [argc] => 1
    [GLOBALS] => Array
 *RECURSION*
    [_SERVER] => Array
        (
            [HOSTNAME] => 33c43998c091
            [PHP_INI_DIR] => /usr/local/etc/php
            [SHLVL] => 1
            [HOME] => /root
            [PHP_LDFLAGS] => -Wl,-O1 -pie
            [PHP_CFLAGS] => -fstack-protector-strong -fpic -fpie -O2 -D_LARGEFILE_SOURCE -D_FILE_OFFSET_BITS=64
            [PHP_VERSION] => 8.0.30
            [COMPOSER_HOME] => /tmp/composer
            [GPG_KEYS] => 1729F83938DA44E27BA0F4D3DBDB397470D12172 BFDDD28642824F8118EF77909B67A5C12229118F 2C16C765DBE54A088130F1BC4B9B5F600B55F3B4 39B641343D8C104B2B146DC3F9C39DC0B9698544
            [PHP_CPPFLAGS] => -fstack-protector-strong -fpic -fpie -O2 -D_LARGEFILE_SOURCE -D_FILE_OFFSET_BITS=64
            [PHP_ASC_URL] => https://www.php.net/distributions/php-8.0.30.tar.xz.asc
            [PHP_URL] => https://www.php.net/distributions/php-8.0.30.tar.xz
            [TERM] => xterm
            [PATH] => /usr/local/sbin:/usr/local/bin:/usr/sbin:/usr/bin:/sbin:/bin
            [LD_PRELOAD] => /usr/lib/preloadable_libiconv.so php
            [PHPIZE_DEPS] => autoconf 		dpkg-dev dpkg 		file 		g++ 		gcc 		libc-dev 		make 		pkgconf 		re2c
            [PWD] => /www
            [PHP_SHA256] => 216ab305737a5d392107112d618a755dc5df42058226f1670e9db90e77d777d9
            [PHP_SELF] => swoole.php
            [SCRIPT_NAME] => swoole.php
            [SCRIPT_FILENAME] => swoole.php
            [PATH_TRANSLATED] => swoole.php
            [DOCUMENT_ROOT] => 
            [REQUEST_TIME_FLOAT] => 1733368121.7528
            [REQUEST_TIME] => 1733368121
            [argv] => Array
                (
                    [0] => swoole.php
                )

            [argc] => 1
        )

    [server] => Swoole\WebSocket\Server Object
        (
            [onStart:Swoole\Server:private] => Closure Object
                (
                    [parameter] => Array
                        (
                            [$server] => <required>
                        )

                )

            [onBeforeShutdown:Swoole\Server:private] => 
            [onShutdown:Swoole\Server:private] => 
            [onWorkerStart:Swoole\Server:private] => 
            [onWorkerStop:Swoole\Server:private] => 
            [onBeforeReload:Swoole\Server:private] => 
            [onAfterReload:Swoole\Server:private] => 
            [onWorkerExit:Swoole\Server:private] => 
            [onWorkerError:Swoole\Server:private] => 
            [onTask:Swoole\Server:private] => 
            [onFinish:Swoole\Server:private] => 
            [onManagerStart:Swoole\Server:private] => 
            [onManagerStop:Swoole\Server:private] => 
            [onPipeMessage:Swoole\Server:private] => 
            [setting] => Array
                (
                    [worker_num] => 1
                    [task_worker_num] => 0
                    [output_buffer_size] => 4294967295
                    [max_connection] => 100000
                    [open_http_protocol] => 1
                    [open_mqtt_protocol] => 
                    [open_eof_check] => 
                    [open_length_check] => 
                    [open_websocket_protocol] => 1
                )

            [connections] => Swoole\Connection\Iterator Object
                (
                )

            [host] => 0.0.0.0
            [port] => 9501
            [type] => 1
            [ssl] => 
            [mode] => 1
            [ports] => Array
                (
                    [0] => Swoole\Server\Port Object
                        (
                            [onConnect:Swoole\Server\Port:private] => 
                            [onReceive:Swoole\Server\Port:private] => 
                            [onClose:Swoole\Server\Port:private] => Closure Object
                                (
                                    [parameter] => Array
                                        (
                                            [$server] => <required>
                                            [$fd] => <required>
                                        )

                                )

                            [onPacket:Swoole\Server\Port:private] => 
                            [onBufferFull:Swoole\Server\Port:private] => 
                            [onBufferEmpty:Swoole\Server\Port:private] => 
                            [onRequest:Swoole\Server\Port:private] => 
                            [onHandshake:Swoole\Server\Port:private] => 
                            [onOpen:Swoole\Server\Port:private] => Closure Object
                                (
                                    [parameter] => Array
                                        (
                                            [$server] => <required>
                                            [$req] => <required>
                                        )

                                )

                            [onMessage:Swoole\Server\Port:private] => Closure Object
                                (
                                    [static] => Array
                                        (
                                            [chat_member] => ChatMember Object
                                                (
                                                    [table] => chat_member
                                                    [db] => PdoHelper Object
                                                        (
                                                            [host] => mysql
                                                            [dbname] => fish_im
                                                            [username] => root
                                                            [password] => 123456
                                                            [port] => 3306
                                                            [charset] => utf8
                                                            [pdo] => PDO Object
                                                                (
                                                                )

                                                        )

                                                    [db_prefix] => 
                                                    [sql_query_builder] => SqlQueryBuilder Object
                                                        (
                                                            [field_sql] => 
                                                            [table_sql] => 
                                                            [where_sql] => 
                                                            [orderby_sql] => 
                                                            [groupby_sql] => 
                                                            [having_sql] => 
                                                            [limit_sql] => 
                                                        )

                                                )

                                            [chat_msgbox] => ChatMsgbox Object
                                                (
                                                    [table] => chat_msgbox
                                                    [db] => PdoHelper Object
                                                        (
                                                            [host] => mysql
                                                            [dbname] => fish_im
                                                            [username] => root
                                                            [password] => 123456
                                                            [port] => 3306
                                                            [charset] => utf8
                                                            [pdo] => PDO Object
                                                                (
                                                                )

                                                        )

                                                    [db_prefix] => 
                                                    [sql_query_builder] => SqlQueryBuilder Object
                                                        (
                                                            [field_sql] => *
                                                            [table_sql] => 
                                                            [where_sql] => 
                                                            [orderby_sql] => 
                                                            [groupby_sql] => 
                                                            [having_sql] => 
                                                            [limit_sql] => 
                                                        )

                                                )

                                            [chat_record] => ChatRecord Object
                                                (
                                                    [table] => chat_record
                                                    [db] => PdoHelper Object
                                                        (
                                                            [host] => mysql
                                                            [dbname] => fish_im
                                                            [username] => root
                                                            [password] => 123456
                                                            [port] => 3306
                                                            [charset] => utf8
                                                            [pdo] => PDO Object
                                                                (
                                                                )

                                                        )

                                                    [db_prefix] => 
                                                    [sql_query_builder] => SqlQueryBuilder Object
                                                        (
                                                            [field_sql] => *
                                                            [table_sql] => chat_record
                                                            [where_sql] => 
                                                            [orderby_sql] => 
                                                            [groupby_sql] => 
                                                            [having_sql] => 
                                                            [limit_sql] => 
                                                        )

                                                )

                                        )

                                    [parameter] => Array
                                        (
                                            [$server] => <required>
                                            [$frame] => <required>
                                        )

                                )

                            [onDisconnect:Swoole\Server\Port:private] => 
                            [onBeforeHandshakeResponse:Swoole\Server\Port:private] => 
                            [host] => 0.0.0.0
                            [port] => 9501
                            [type] => 1
                            [sock] => 3
                            [ssl] => 
                            [setting] => 
                            [connections] => Swoole\Connection\Iterator Object
                                (
                                )

                        )

                )

            [master_pid] => 70
            [manager_pid] => 0
            [worker_id] => 0
            [taskworker] => 
            [worker_pid] => 70
            [stats_timer] => 
            [admin_server] => 
        )

    [chat_member] => ChatMember Object
        (
            [table] => chat_member
            [db] => PdoHelper Object
                (
                    [host] => mysql
                    [dbname] => fish_im
                    [username] => root
                    [password] => 123456
                    [port] => 3306
                    [charset] => utf8
                    [pdo] => PDO Object
                        (
                        )

                )

            [db_prefix] => 
            [sql_query_builder] => SqlQueryBuilder Object
                (
                    [field_sql] => 
                    [table_sql] => 
                    [where_sql] => 
                    [orderby_sql] => 
                    [groupby_sql] => 
                    [having_sql] => 
                    [limit_sql] => 
                )

        )

    [chat_record] => ChatRecord Object
        (
            [table] => chat_record
            [db] => PdoHelper Object
                (
                    [host] => mysql
                    [dbname] => fish_im
                    [username] => root
                    [password] => 123456
                    [port] => 3306
                    [charset] => utf8
                    [pdo] => PDO Object
                        (
                        )

                )

            [db_prefix] => 
            [sql_query_builder] => SqlQueryBuilder Object
                (
                    [field_sql] => *
                    [table_sql] => chat_record
                    [where_sql] => 
                    [orderby_sql] => 
                    [groupby_sql] => 
                    [having_sql] => 
                    [limit_sql] => 
                )

        )

    [chat_msgbox] => ChatMsgbox Object
        (
            [table] => chat_msgbox
            [db] => PdoHelper Object
                (
                    [host] => mysql
                    [dbname] => fish_im
                    [username] => root
                    [password] => 123456
                    [port] => 3306
                    [charset] => utf8
                    [pdo] => PDO Object
                        (
                        )

                )

            [db_prefix] => 
            [sql_query_builder] => SqlQueryBuilder Object
                (
                    [field_sql] => *
                    [table_sql] => 
                    [where_sql] => 
                    [orderby_sql] => 
                    [groupby_sql] => 
                    [having_sql] => 
                    [limit_sql] => 
                )

        )

)

2024-12-05 03:10:25|错误代码:[-100],错误信息:[Undefined array key "content"],文件:[/www/swoole.php],行号:[133],地址:[],来源:[]
<pre>PHP Fatal Error 2024-12-05 03:10:25
Error:Array
(
    [type] => 1
    [message] => Uncaught PDOException: SQLSTATE[23000]: Integrity constraint violation: 1048 Column 'content' cannot be null in /www/PdoHelper.php:53
Stack trace:
#0 /www/PdoHelper.php(53): PDO->exec('INSERT INTO cha...')
#1 /www/mysql.php(74): PdoHelper->exec('INSERT INTO cha...')
#2 /www/mysql.php(190): Model->insert(Array)
#3 /www/swoole.php(136): ChatRecord->create(Array)
#4 [internal function]: {closure}(Object(Swoole\WebSocket\Server), Object(Swoole\WebSocket\Frame))
#5 {main}
  thrown
    [file] => /www/PdoHelper.php
    [line] => 53
)

Time:2024-12-05 03:10:25
Request: Array
(
    [_GET] => Array
        (
        )

    [_POST] => Array
        (
        )

    [_COOKIE] => Array
        (
        )

    [_FILES] => Array
        (
        )

    [argv] => Array
        (
            [0] => swoole.php
        )

    [argc] => 1
    [GLOBALS] => Array
 *RECURSION*
    [_SERVER] => Array
        (
            [HOSTNAME] => 33c43998c091
            [PHP_INI_DIR] => /usr/local/etc/php
            [SHLVL] => 1
            [HOME] => /root
            [PHP_LDFLAGS] => -Wl,-O1 -pie
            [PHP_CFLAGS] => -fstack-protector-strong -fpic -fpie -O2 -D_LARGEFILE_SOURCE -D_FILE_OFFSET_BITS=64
            [PHP_VERSION] => 8.0.30
            [COMPOSER_HOME] => /tmp/composer
            [GPG_KEYS] => 1729F83938DA44E27BA0F4D3DBDB397470D12172 BFDDD28642824F8118EF77909B67A5C12229118F 2C16C765DBE54A088130F1BC4B9B5F600B55F3B4 39B641343D8C104B2B146DC3F9C39DC0B9698544
            [PHP_CPPFLAGS] => -fstack-protector-strong -fpic -fpie -O2 -D_LARGEFILE_SOURCE -D_FILE_OFFSET_BITS=64
            [PHP_ASC_URL] => https://www.php.net/distributions/php-8.0.30.tar.xz.asc
            [PHP_URL] => https://www.php.net/distributions/php-8.0.30.tar.xz
            [TERM] => xterm
            [PATH] => /usr/local/sbin:/usr/local/bin:/usr/sbin:/usr/bin:/sbin:/bin
            [LD_PRELOAD] => /usr/lib/preloadable_libiconv.so php
            [PHPIZE_DEPS] => autoconf 		dpkg-dev dpkg 		file 		g++ 		gcc 		libc-dev 		make 		pkgconf 		re2c
            [PWD] => /www
            [PHP_SHA256] => 216ab305737a5d392107112d618a755dc5df42058226f1670e9db90e77d777d9
            [PHP_SELF] => swoole.php
            [SCRIPT_NAME] => swoole.php
            [SCRIPT_FILENAME] => swoole.php
            [PATH_TRANSLATED] => swoole.php
            [DOCUMENT_ROOT] => 
            [REQUEST_TIME_FLOAT] => 1733368197.6599
            [REQUEST_TIME] => 1733368197
            [argv] => Array
                (
                    [0] => swoole.php
                )

            [argc] => 1
        )

    [server] => Swoole\WebSocket\Server Object
        (
            [onStart:Swoole\Server:private] => Closure Object
                (
                    [parameter] => Array
                        (
                            [$server] => <required>
                        )

                )

            [onBeforeShutdown:Swoole\Server:private] => 
            [onShutdown:Swoole\Server:private] => 
            [onWorkerStart:Swoole\Server:private] => 
            [onWorkerStop:Swoole\Server:private] => 
            [onBeforeReload:Swoole\Server:private] => 
            [onAfterReload:Swoole\Server:private] => 
            [onWorkerExit:Swoole\Server:private] => 
            [onWorkerError:Swoole\Server:private] => 
            [onTask:Swoole\Server:private] => 
            [onFinish:Swoole\Server:private] => 
            [onManagerStart:Swoole\Server:private] => 
            [onManagerStop:Swoole\Server:private] => 
            [onPipeMessage:Swoole\Server:private] => 
            [setting] => Array
                (
                    [worker_num] => 1
                    [task_worker_num] => 0
                    [output_buffer_size] => 4294967295
                    [max_connection] => 100000
                    [open_http_protocol] => 1
                    [open_mqtt_protocol] => 
                    [open_eof_check] => 
                    [open_length_check] => 
                    [open_websocket_protocol] => 1
                )

            [connections] => Swoole\Connection\Iterator Object
                (
                )

            [host] => 0.0.0.0
            [port] => 9501
            [type] => 1
            [ssl] => 
            [mode] => 1
            [ports] => Array
                (
                    [0] => Swoole\Server\Port Object
                        (
                            [onConnect:Swoole\Server\Port:private] => 
                            [onReceive:Swoole\Server\Port:private] => 
                            [onClose:Swoole\Server\Port:private] => Closure Object
                                (
                                    [parameter] => Array
                                        (
                                            [$server] => <required>
                                            [$fd] => <required>
                                        )

                                )

                            [onPacket:Swoole\Server\Port:private] => 
                            [onBufferFull:Swoole\Server\Port:private] => 
                            [onBufferEmpty:Swoole\Server\Port:private] => 
                            [onRequest:Swoole\Server\Port:private] => 
                            [onHandshake:Swoole\Server\Port:private] => 
                            [onOpen:Swoole\Server\Port:private] => Closure Object
                                (
                                    [parameter] => Array
                                        (
                                            [$server] => <required>
                                            [$req] => <required>
                                        )

                                )

                            [onMessage:Swoole\Server\Port:private] => Closure Object
                                (
                                    [static] => Array
                                        (
                                            [chat_member] => ChatMember Object
                                                (
                                                    [table] => chat_member
                                                    [db] => PdoHelper Object
                                                        (
                                                            [host] => mysql
                                                            [dbname] => fish_im
                                                            [username] => root
                                                            [password] => 123456
                                                            [port] => 3306
                                                            [charset] => utf8
                                                            [pdo] => PDO Object
                                                                (
                                                                )

                                                        )

                                                    [db_prefix] => 
                                                    [sql_query_builder] => SqlQueryBuilder Object
                                                        (
                                                            [field_sql] => 
                                                            [table_sql] => 
                                                            [where_sql] => 
                                                            [orderby_sql] => 
                                                            [groupby_sql] => 
                                                            [having_sql] => 
                                                            [limit_sql] => 
                                                        )

                                                )

                                            [chat_msgbox] => ChatMsgbox Object
                                                (
                                                    [table] => chat_msgbox
                                                    [db] => PdoHelper Object
                                                        (
                                                            [host] => mysql
                                                            [dbname] => fish_im
                                                            [username] => root
                                                            [password] => 123456
                                                            [port] => 3306
                                                            [charset] => utf8
                                                            [pdo] => PDO Object
                                                                (
                                                                )

                                                        )

                                                    [db_prefix] => 
                                                    [sql_query_builder] => SqlQueryBuilder Object
                                                        (
                                                            [field_sql] => *
                                                            [table_sql] => 
                                                            [where_sql] => 
                                                            [orderby_sql] => 
                                                            [groupby_sql] => 
                                                            [having_sql] => 
                                                            [limit_sql] => 
                                                        )

                                                )

                                            [chat_record] => ChatRecord Object
                                                (
                                                    [table] => chat_record
                                                    [db] => PdoHelper Object
                                                        (
                                                            [host] => mysql
                                                            [dbname] => fish_im
                                                            [username] => root
                                                            [password] => 123456
                                                            [port] => 3306
                                                            [charset] => utf8
                                                            [pdo] => PDO Object
                                                                (
                                                                )

                                                        )

                                                    [db_prefix] => 
                                                    [sql_query_builder] => SqlQueryBuilder Object
                                                        (
                                                            [field_sql] => *
                                                            [table_sql] => chat_record
                                                            [where_sql] => 
                                                            [orderby_sql] => 
                                                            [groupby_sql] => 
                                                            [having_sql] => 
                                                            [limit_sql] => 
                                                        )

                                                )

                                        )

                                    [parameter] => Array
                                        (
                                            [$server] => <required>
                                            [$frame] => <required>
                                        )

                                )

                            [onDisconnect:Swoole\Server\Port:private] => 
                            [onBeforeHandshakeResponse:Swoole\Server\Port:private] => 
                            [host] => 0.0.0.0
                            [port] => 9501
                            [type] => 1
                            [sock] => 3
                            [ssl] => 
                            [setting] => 
                            [connections] => Swoole\Connection\Iterator Object
                                (
                                )

                        )

                )

            [master_pid] => 71
            [manager_pid] => 0
            [worker_id] => 0
            [taskworker] => 
            [worker_pid] => 71
            [stats_timer] => 
            [admin_server] => 
        )

    [chat_member] => ChatMember Object
        (
            [table] => chat_member
            [db] => PdoHelper Object
                (
                    [host] => mysql
                    [dbname] => fish_im
                    [username] => root
                    [password] => 123456
                    [port] => 3306
                    [charset] => utf8
                    [pdo] => PDO Object
                        (
                        )

                )

            [db_prefix] => 
            [sql_query_builder] => SqlQueryBuilder Object
                (
                    [field_sql] => 
                    [table_sql] => 
                    [where_sql] => 
                    [orderby_sql] => 
                    [groupby_sql] => 
                    [having_sql] => 
                    [limit_sql] => 
                )

        )

    [chat_record] => ChatRecord Object
        (
            [table] => chat_record
            [db] => PdoHelper Object
                (
                    [host] => mysql
                    [dbname] => fish_im
                    [username] => root
                    [password] => 123456
                    [port] => 3306
                    [charset] => utf8
                    [pdo] => PDO Object
                        (
                        )

                )

            [db_prefix] => 
            [sql_query_builder] => SqlQueryBuilder Object
                (
                    [field_sql] => *
                    [table_sql] => chat_record
                    [where_sql] => 
                    [orderby_sql] => 
                    [groupby_sql] => 
                    [having_sql] => 
                    [limit_sql] => 
                )

        )

    [chat_msgbox] => ChatMsgbox Object
        (
            [table] => chat_msgbox
            [db] => PdoHelper Object
                (
                    [host] => mysql
                    [dbname] => fish_im
                    [username] => root
                    [password] => 123456
                    [port] => 3306
                    [charset] => utf8
                    [pdo] => PDO Object
                        (
                        )

                )

            [db_prefix] => 
            [sql_query_builder] => SqlQueryBuilder Object
                (
                    [field_sql] => *
                    [table_sql] => 
                    [where_sql] => 
                    [orderby_sql] => 
                    [groupby_sql] => 
                    [having_sql] => 
                    [limit_sql] => 
                )

        )

)

