2024-11-10 16:20:21'	2
2024-11-10 16:20:21'	2	array (
  'onopen' => 1,
  'from_username' => 'hepm',
)
2024-11-10 16:20:25'	2	array (
  'from_id' => 1,
  'to_id' => 2,
  'from_username' => 'hepm',
  'to_username' => 'fish',
  'type' => 1,
  'status' => 0,
  'content' => '很好很强大2024-11-10 22:29:49',
  'group_id' => 1,
  'send_time' => 1731248989,
  'create_time' => 1731248989,
)
2024-11-10 16:20:56'	1
2024-11-10 16:20:56'	1	array (
  'onopen' => 1,
  'from_username' => 'hepm',
)
2024-11-10 16:21:04'	2
2024-11-10 16:21:04'	2	array (
  'onopen' => 1,
  'from_username' => 'fish',
)
2024-11-10 16:21:11'	2	array (
  'from_id' => 2,
  'to_id' => 1,
  'from_username' => 'fish',
  'to_username' => 'hepm',
  'type' => 1,
  'status' => 0,
  'content' => '很好很强大2024-11-10 22:29:49',
  'group_id' => 1,
  'send_time' => 1731248989,
  'create_time' => 1731248989,
)
2024-11-10 16:23:23'	1
2024-11-10 16:23:23'	1	array (
  'onopen' => 1,
  'from_username' => 'fish',
)
2024-11-10 16:23:25'	2
2024-11-10 16:23:25'	2	array (
  'onopen' => 1,
  'from_username' => 'hepm',
)
2024-11-10 16:23:33'	1	array (
  'from_id' => 2,
  'to_id' => 1,
  'from_username' => 'fish',
  'to_username' => 'hepm',
  'type' => 1,
  'status' => 0,
  'content' => '很好很强大2024-11-10 22:29:49',
  'group_id' => 1,
  'send_time' => 1731248989,
  'create_time' => 1731248989,
)
2024-11-10 16:23:33'	1	array (
  'id' => '1',
  'socket_id' => '2',
  'username' => 'hepm',
  'password' => '123456',
  'salt' => '',
  'nickname' => '匿名',
  'avatar' => '/static/images/pkq.png',
  'signature' => '',
  'status' => '0',
  'login_time' => '0',
  'create_time' => '0',
  'update_time' => '0',
  'delete_time' => '0',
)
2024-11-10 16:23:41'	2	array (
  'from_id' => 1,
  'to_id' => 2,
  'from_username' => 'hepm',
  'to_username' => 'fish',
  'type' => 1,
  'status' => 0,
  'content' => '很好很强大2024-11-10 22:29:49',
  'group_id' => 1,
  'send_time' => 1731248989,
  'create_time' => 1731248989,
)
2024-11-10 16:23:41'	2	array (
  'id' => '2',
  'socket_id' => '1',
  'username' => 'fish',
  'password' => '123456',
  'salt' => '',
  'nickname' => '匿名',
  'avatar' => '/static/images/pkq.png',
  'signature' => '',
  'status' => '0',
  'login_time' => '0',
  'create_time' => '0',
  'update_time' => '0',
  'delete_time' => '0',
)
2024-11-10 16:23:54'	2	array (
  'from_id' => 1,
  'to_id' => 2,
  'from_username' => 'hepm',
  'to_username' => 'fish',
  'type' => 1,
  'status' => 0,
  'content' => '很好很强大2024-11-10 22:29:49',
  'group_id' => 1,
  'send_time' => 1731248989,
  'create_time' => 1731248989,
)
2024-11-10 16:23:54'	2	array (
  'id' => '2',
  'socket_id' => '1',
  'username' => 'fish',
  'password' => '123456',
  'salt' => '',
  'nickname' => '匿名',
  'avatar' => '/static/images/pkq.png',
  'signature' => '',
  'status' => '0',
  'login_time' => '0',
  'create_time' => '0',
  'update_time' => '0',
  'delete_time' => '0',
)
2024-11-10 16:24:02'	1	array (
  'from_id' => 2,
  'to_id' => 1,
  'from_username' => 'fish',
  'to_username' => 'hepm',
  'type' => 1,
  'status' => 0,
  'content' => '很好很强大2024-11-10 22:29:49',
  'group_id' => 1,
  'send_time' => 1731248989,
  'create_time' => 1731248989,
)
2024-11-10 16:24:02'	1	array (
  'id' => '1',
  'socket_id' => '2',
  'username' => 'hepm',
  'password' => '123456',
  'salt' => '',
  'nickname' => '匿名',
  'avatar' => '/static/images/pkq.png',
  'signature' => '',
  'status' => '0',
  'login_time' => '0',
  'create_time' => '0',
  'update_time' => '0',
  'delete_time' => '0',
)
2024-11-10 16:24:08'	2	array (
  'from_id' => 1,
  'to_id' => 2,
  'from_username' => 'hepm',
  'to_username' => 'fish',
  'type' => 1,
  'status' => 0,
  'content' => '很好很强大2024-11-10 22:29:49',
  'group_id' => 1,
  'send_time' => 1731248989,
  'create_time' => 1731248989,
)
2024-11-10 16:24:08'	2	array (
  'id' => '2',
  'socket_id' => '1',
  'username' => 'fish',
  'password' => '123456',
  'salt' => '',
  'nickname' => '匿名',
  'avatar' => '/static/images/pkq.png',
  'signature' => '',
  'status' => '0',
  'login_time' => '0',
  'create_time' => '0',
  'update_time' => '0',
  'delete_time' => '0',
)
2024-11-10 20:18:40'	1
2024-11-10 20:18:40'	1	array (
  'onopen' => 1,
  'from_username' => 'hepm',
)
2024-11-10 20:18:57'	2
2024-11-10 20:18:57'	2	array (
  'onopen' => 1,
  'from_username' => 'fish',
)
2024-11-10 20:19:49'	2	array (
  'from_id' => 2,
  'to_id' => 1,
  'from_username' => 'fish',
  'to_username' => 'hepm',
  'type' => 1,
  'status' => 0,
  'content' => '很好很强大2024-11-10 22:29:49',
  'group_id' => 1,
  'send_time' => 1731248989,
  'create_time' => 1731248989,
)
2024-11-10 20:19:50'	2	array (
  'id' => '1',
  'socket_id' => '1',
  'username' => 'hepm',
  'password' => '123456',
  'salt' => '',
  'nickname' => '匿名',
  'avatar' => '/static/images/pkq.png',
  'signature' => '',
  'status' => '0',
  'login_time' => '0',
  'create_time' => '0',
  'update_time' => '0',
  'delete_time' => '0',
)
2024-11-10 20:20:10'	1	array (
  'from_id' => 1,
  'to_id' => 2,
  'from_username' => 'hepm',
  'to_username' => 'fish',
  'type' => 1,
  'status' => 0,
  'content' => '很好很强大2024-11-10 22:29:49',
  'group_id' => 1,
  'send_time' => 1731248989,
  'create_time' => 1731248989,
)
2024-11-10 20:20:10'	1	array (
  'id' => '2',
  'socket_id' => '2',
  'username' => 'fish',
  'password' => '123456',
  'salt' => '',
  'nickname' => '匿名',
  'avatar' => '/static/images/pkq.png',
  'signature' => '',
  'status' => '0',
  'login_time' => '0',
  'create_time' => '0',
  'update_time' => '0',
  'delete_time' => '0',
)
2024-11-10 20:20:19'	2	array (
  'from_id' => 2,
  'to_id' => 1,
  'from_username' => 'fish',
  'to_username' => 'hepm',
  'type' => 1,
  'status' => 0,
  'content' => '很好很强大2024-11-10 22:29:49',
  'group_id' => 1,
  'send_time' => 1731248989,
  'create_time' => 1731248989,
)
2024-11-10 20:20:19'	2	array (
  'id' => '1',
  'socket_id' => '1',
  'username' => 'hepm',
  'password' => '123456',
  'salt' => '',
  'nickname' => '匿名',
  'avatar' => '/static/images/pkq.png',
  'signature' => '',
  'status' => '0',
  'login_time' => '0',
  'create_time' => '0',
  'update_time' => '0',
  'delete_time' => '0',
)
2024-11-10 20:20:25'	1	array (
  'from_id' => 1,
  'to_id' => 2,
  'from_username' => 'hepm',
  'to_username' => 'fish',
  'type' => 1,
  'status' => 0,
  'content' => '很好很强大2024-11-10 22:29:49',
  'group_id' => 1,
  'send_time' => 1731248989,
  'create_time' => 1731248989,
)
2024-11-10 20:20:25'	1	array (
  'id' => '2',
  'socket_id' => '2',
  'username' => 'fish',
  'password' => '123456',
  'salt' => '',
  'nickname' => '匿名',
  'avatar' => '/static/images/pkq.png',
  'signature' => '',
  'status' => '0',
  'login_time' => '0',
  'create_time' => '0',
  'update_time' => '0',
  'delete_time' => '0',
)
2024-11-10 20:21:45'	3
2024-11-10 20:21:45'	3	array (
  'onopen' => 1,
  'from_username' => 'fish',
)
2024-11-10 20:21:49'	4
2024-11-10 20:21:49'	4	array (
  'onopen' => 1,
  'from_username' => 'hepm',
)
2024-11-10 20:22:04'	4	array (
  'from_id' => 1,
  'to_id' => 2,
  'from_username' => 'hepm',
  'to_username' => 'fish',
  'type' => 1,
  'status' => 0,
  'content' => '很好很强大2024-11-10 22:29:49',
  'group_id' => 1,
  'send_time' => 1731248989,
  'create_time' => 1731248989,
)
2024-11-10 20:22:04'	4	array (
  'id' => '2',
  'socket_id' => '3',
  'username' => 'fish',
  'password' => '123456',
  'salt' => '',
  'nickname' => '匿名',
  'avatar' => '/static/images/pkq.png',
  'signature' => '',
  'status' => '0',
  'login_time' => '0',
  'create_time' => '0',
  'update_time' => '0',
  'delete_time' => '0',
)
2024-11-10 20:22:17'	3	array (
  'from_id' => 2,
  'to_id' => 1,
  'from_username' => 'fish',
  'to_username' => 'hepm',
  'type' => 1,
  'status' => 0,
  'content' => '很好很强大2024-11-10 22:29:49',
  'group_id' => 1,
  'send_time' => 1731248989,
  'create_time' => 1731248989,
)
2024-11-10 20:22:17'	3	array (
  'id' => '1',
  'socket_id' => '4',
  'username' => 'hepm',
  'password' => '123456',
  'salt' => '',
  'nickname' => '匿名',
  'avatar' => '/static/images/pkq.png',
  'signature' => '',
  'status' => '0',
  'login_time' => '0',
  'create_time' => '0',
  'update_time' => '0',
  'delete_time' => '0',
)
2024-11-10 20:22:23'	4	array (
  'from_id' => 1,
  'to_id' => 2,
  'from_username' => 'hepm',
  'to_username' => 'fish',
  'type' => 1,
  'status' => 0,
  'content' => '很好很强大2024-11-10 22:29:49',
  'group_id' => 1,
  'send_time' => 1731248989,
  'create_time' => 1731248989,
)
2024-11-10 20:22:23'	4	array (
  'id' => '2',
  'socket_id' => '3',
  'username' => 'fish',
  'password' => '123456',
  'salt' => '',
  'nickname' => '匿名',
  'avatar' => '/static/images/pkq.png',
  'signature' => '',
  'status' => '0',
  'login_time' => '0',
  'create_time' => '0',
  'update_time' => '0',
  'delete_time' => '0',
)
2024-11-10 20:22:26'	5
2024-11-10 20:22:26'	5	array (
  'onopen' => 1,
  'from_username' => 'hepm',
)
2024-11-10 20:22:29'	6
2024-11-10 20:22:29'	6	array (
  'onopen' => 1,
  'from_username' => 'fish',
)
2024-11-10 20:22:46'	5	array (
  'from_id' => 1,
  'to_id' => 2,
  'from_username' => 'hepm',
  'to_username' => 'fish',
  'type' => 1,
  'status' => 0,
  'content' => '很好很强大2024-11-10 22:29:49',
  'group_id' => 1,
  'send_time' => 1731248989,
  'create_time' => 1731248989,
)
2024-11-10 20:22:46'	5	array (
  'id' => '2',
  'socket_id' => '6',
  'username' => 'fish',
  'password' => '123456',
  'salt' => '',
  'nickname' => '匿名',
  'avatar' => '/static/images/pkq.png',
  'signature' => '',
  'status' => '0',
  'login_time' => '0',
  'create_time' => '0',
  'update_time' => '0',
  'delete_time' => '0',
)
2024-11-10 20:22:53'	6	array (
  'from_id' => 2,
  'to_id' => 1,
  'from_username' => 'fish',
  'to_username' => 'hepm',
  'type' => 1,
  'status' => 0,
  'content' => '很好很强大2024-11-10 22:29:49',
  'group_id' => 1,
  'send_time' => 1731248989,
  'create_time' => 1731248989,
)
2024-11-10 20:22:53'	6	array (
  'id' => '1',
  'socket_id' => '5',
  'username' => 'hepm',
  'password' => '123456',
  'salt' => '',
  'nickname' => '匿名',
  'avatar' => '/static/images/pkq.png',
  'signature' => '',
  'status' => '0',
  'login_time' => '0',
  'create_time' => '0',
  'update_time' => '0',
  'delete_time' => '0',
)
2024-11-10 20:22:57'	5	array (
  'from_id' => 1,
  'to_id' => 2,
  'from_username' => 'hepm',
  'to_username' => 'fish',
  'type' => 1,
  'status' => 0,
  'content' => '很好很强大2024-11-10 22:29:49',
  'group_id' => 1,
  'send_time' => 1731248989,
  'create_time' => 1731248989,
)
2024-11-10 20:22:57'	5	array (
  'id' => '2',
  'socket_id' => '6',
  'username' => 'fish',
  'password' => '123456',
  'salt' => '',
  'nickname' => '匿名',
  'avatar' => '/static/images/pkq.png',
  'signature' => '',
  'status' => '0',
  'login_time' => '0',
  'create_time' => '0',
  'update_time' => '0',
  'delete_time' => '0',
)
2024-11-10 20:23:23'	7
2024-11-10 20:23:23'	7	array (
  'onopen' => 1,
  'from_username' => 'hepm',
)
2024-11-10 20:30:01'	8
2024-11-10 20:30:01'	8	array (
  'onopen' => 1,
  'from_username' => 'fish',
)
2024-11-10 20:30:02'	9
2024-11-10 20:30:02'	9	array (
  'onopen' => 1,
  'from_username' => 'fish',
)
2024-11-10 20:30:06'	10
2024-11-10 20:30:06'	10	array (
  'onopen' => 1,
  'from_username' => 'hepm',
)
2024-11-10 20:30:12'	10	array (
  'from_id' => 1,
  'to_id' => 2,
  'from_username' => 'hepm',
  'to_username' => 'fish',
  'type' => 1,
  'status' => 0,
  'content' => '很好很强大2024-11-10 22:29:49',
  'group_id' => 1,
  'send_time' => 1731248989,
  'create_time' => 1731248989,
)
2024-11-10 20:30:12'	10	array (
  'id' => '2',
  'socket_id' => '9',
  'username' => 'fish',
  'password' => '123456',
  'salt' => '',
  'nickname' => '匿名',
  'avatar' => '/static/images/pkq.png',
  'signature' => '',
  'status' => '0',
  'login_time' => '0',
  'create_time' => '0',
  'update_time' => '0',
  'delete_time' => '0',
)
2024-11-10 20:30:17'	9	array (
  'from_id' => 2,
  'to_id' => 1,
  'from_username' => 'fish',
  'to_username' => 'hepm',
  'type' => 1,
  'status' => 0,
  'content' => '很好很强大2024-11-10 22:29:49',
  'group_id' => 1,
  'send_time' => 1731248989,
  'create_time' => 1731248989,
)
2024-11-10 20:30:17'	9	array (
  'id' => '1',
  'socket_id' => '10',
  'username' => 'hepm',
  'password' => '123456',
  'salt' => '',
  'nickname' => '匿名',
  'avatar' => '/static/images/pkq.png',
  'signature' => '',
  'status' => '0',
  'login_time' => '0',
  'create_time' => '0',
  'update_time' => '0',
  'delete_time' => '0',
)
2024-11-10 20:30:25'	10	array (
  'from_id' => 1,
  'to_id' => 2,
  'from_username' => 'hepm',
  'to_username' => 'fish',
  'type' => 1,
  'status' => 0,
  'content' => '很好很强大2024-11-10 22:29:49',
  'group_id' => 1,
  'send_time' => 1731248989,
  'create_time' => 1731248989,
)
2024-11-10 20:30:25'	10	array (
  'id' => '2',
  'socket_id' => '9',
  'username' => 'fish',
  'password' => '123456',
  'salt' => '',
  'nickname' => '匿名',
  'avatar' => '/static/images/pkq.png',
  'signature' => '',
  'status' => '0',
  'login_time' => '0',
  'create_time' => '0',
  'update_time' => '0',
  'delete_time' => '0',
)
2024-11-10 20:32:15'	11
2024-11-10 20:32:15'	11	array (
  'onopen' => 1,
  'from_username' => 'fish',
)
2024-11-10 20:32:17'	12
2024-11-10 20:32:17'	12	array (
  'onopen' => 1,
  'from_username' => 'hepm',
)
2024-11-10 20:32:24'	11	array (
  'from_id' => 2,
  'to_id' => 1,
  'from_username' => 'fish',
  'to_username' => 'hepm',
  'type' => 1,
  'status' => 0,
  'content' => '很好很强大2024-11-10 22:29:49',
  'group_id' => 1,
  'send_time' => 1731248989,
  'create_time' => 1731248989,
)
2024-11-10 20:32:25'	11	array (
  'id' => '1',
  'socket_id' => '12',
  'username' => 'hepm',
  'password' => '123456',
  'salt' => '',
  'nickname' => '匿名',
  'avatar' => '/static/images/pkq.png',
  'signature' => '',
  'status' => '0',
  'login_time' => '0',
  'create_time' => '0',
  'update_time' => '0',
  'delete_time' => '0',
)
2024-11-10 20:32:29'	12	array (
  'from_id' => 1,
  'to_id' => 2,
  'from_username' => 'hepm',
  'to_username' => 'fish',
  'type' => 1,
  'status' => 0,
  'content' => '很好很强大2024-11-10 22:29:49',
  'group_id' => 1,
  'send_time' => 1731248989,
  'create_time' => 1731248989,
)
2024-11-10 20:32:29'	12	array (
  'id' => '2',
  'socket_id' => '11',
  'username' => 'fish',
  'password' => '123456',
  'salt' => '',
  'nickname' => '匿名',
  'avatar' => '/static/images/pkq.png',
  'signature' => '',
  'status' => '0',
  'login_time' => '0',
  'create_time' => '0',
  'update_time' => '0',
  'delete_time' => '0',
)
2024-11-10 20:32:36'	11	array (
  'from_id' => 2,
  'to_id' => 1,
  'from_username' => 'fish',
  'to_username' => 'hepm',
  'type' => 1,
  'status' => 0,
  'content' => '很好很强大2024-11-10 22:29:49',
  'group_id' => 1,
  'send_time' => 1731248989,
  'create_time' => 1731248989,
)
2024-11-10 20:32:37'	11	array (
  'id' => '1',
  'socket_id' => '12',
  'username' => 'hepm',
  'password' => '123456',
  'salt' => '',
  'nickname' => '匿名',
  'avatar' => '/static/images/pkq.png',
  'signature' => '',
  'status' => '0',
  'login_time' => '0',
  'create_time' => '0',
  'update_time' => '0',
  'delete_time' => '0',
)
2024-11-10 20:32:50'	12	array (
  'from_id' => 1,
  'to_id' => 2,
  'from_username' => 'hepm',
  'to_username' => 'fish',
  'type' => 1,
  'status' => 0,
  'content' => '很好很强大2024-11-10 22:29:49',
  'group_id' => 1,
  'send_time' => 1731248989,
  'create_time' => 1731248989,
)
2024-11-10 20:32:50'	12	array (
  'id' => '2',
  'socket_id' => '11',
  'username' => 'fish',
  'password' => '123456',
  'salt' => '',
  'nickname' => '匿名',
  'avatar' => '/static/images/pkq.png',
  'signature' => '',
  'status' => '0',
  'login_time' => '0',
  'create_time' => '0',
  'update_time' => '0',
  'delete_time' => '0',
)
2024-11-10 20:34:17'	11	array (
  'from_id' => 2,
  'to_id' => 1,
  'from_username' => 'fish',
  'to_username' => 'hepm',
  'type' => 1,
  'status' => 0,
  'content' => '很好很强大2024-11-10 22:29:49',
  'group_id' => 1,
  'send_time' => 1731248989,
  'create_time' => 1731248989,
)
2024-11-10 20:34:17'	11	array (
  'id' => '1',
  'socket_id' => '12',
  'username' => 'hepm',
  'password' => '123456',
  'salt' => '',
  'nickname' => '匿名',
  'avatar' => '/static/images/pkq.png',
  'signature' => '',
  'status' => '0',
  'login_time' => '0',
  'create_time' => '0',
  'update_time' => '0',
  'delete_time' => '0',
)
2024-11-10 20:35:16'	13
2024-11-10 20:35:16'	13	array (
  'onopen' => 1,
  'from_username' => 'hepm',
)
2024-11-10 20:35:17'	14
2024-11-10 20:35:17'	14	array (
  'onopen' => 1,
  'from_username' => 'fish',
)
2024-11-10 20:35:28'	14	array (
  'from_id' => 2,
  'to_id' => 1,
  'from_username' => 'fish',
  'to_username' => 'hepm',
  'type' => 1,
  'status' => 0,
  'content' => '很好很强大2024-11-10 22:29:49',
  'group_id' => 1,
  'send_time' => 1731248989,
  'create_time' => 1731248989,
)
2024-11-10 20:35:28'	14	array (
  'id' => '1',
  'socket_id' => '13',
  'username' => 'hepm',
  'password' => '123456',
  'salt' => '',
  'nickname' => '匿名',
  'avatar' => '/static/images/pkq.png',
  'signature' => '',
  'status' => '0',
  'login_time' => '0',
  'create_time' => '0',
  'update_time' => '0',
  'delete_time' => '0',
)
2024-11-10 20:35:33'	13	array (
  'from_id' => 1,
  'to_id' => 2,
  'from_username' => 'hepm',
  'to_username' => 'fish',
  'type' => 1,
  'status' => 0,
  'content' => '很好很强大2024-11-10 22:29:49',
  'group_id' => 1,
  'send_time' => 1731248989,
  'create_time' => 1731248989,
)
2024-11-10 20:35:34'	13	array (
  'id' => '2',
  'socket_id' => '14',
  'username' => 'fish',
  'password' => '123456',
  'salt' => '',
  'nickname' => '匿名',
  'avatar' => '/static/images/pkq.png',
  'signature' => '',
  'status' => '0',
  'login_time' => '0',
  'create_time' => '0',
  'update_time' => '0',
  'delete_time' => '0',
)
2024-11-10 20:35:55'	15
2024-11-10 20:35:55'	15	array (
  'onopen' => 1,
  'from_username' => 'hepm',
)
2024-11-10 20:35:57'	16
2024-11-10 20:35:57'	16	array (
  'onopen' => 1,
  'from_username' => 'fish',
)
2024-11-10 20:36:01'	16	array (
  'from_id' => 2,
  'to_id' => 1,
  'from_username' => 'fish',
  'to_username' => 'hepm',
  'type' => 1,
  'status' => 0,
  'content' => '很好很强大2024-11-10 22:29:49',
  'group_id' => 1,
  'send_time' => 1731248989,
  'create_time' => 1731248989,
)
2024-11-10 20:36:01'	16	array (
  'id' => '1',
  'socket_id' => '15',
  'username' => 'hepm',
  'password' => '123456',
  'salt' => '',
  'nickname' => '匿名',
  'avatar' => '/static/images/pkq.png',
  'signature' => '',
  'status' => '0',
  'login_time' => '0',
  'create_time' => '0',
  'update_time' => '0',
  'delete_time' => '0',
)
2024-11-10 20:36:07'	15	array (
  'from_id' => 1,
  'to_id' => 2,
  'from_username' => 'hepm',
  'to_username' => 'fish',
  'type' => 1,
  'status' => 0,
  'content' => '很好很强大2024-11-10 22:29:49',
  'group_id' => 1,
  'send_time' => 1731248989,
  'create_time' => 1731248989,
)
2024-11-10 20:36:07'	15	array (
  'id' => '2',
  'socket_id' => '16',
  'username' => 'fish',
  'password' => '123456',
  'salt' => '',
  'nickname' => '匿名',
  'avatar' => '/static/images/pkq.png',
  'signature' => '',
  'status' => '0',
  'login_time' => '0',
  'create_time' => '0',
  'update_time' => '0',
  'delete_time' => '0',
)
2024-11-10 20:36:10'	15	array (
  'from_id' => 1,
  'to_id' => 2,
  'from_username' => 'hepm',
  'to_username' => 'fish',
  'type' => 1,
  'status' => 0,
  'content' => '很好很强大2024-11-10 22:29:49',
  'group_id' => 1,
  'send_time' => 1731248989,
  'create_time' => 1731248989,
)
2024-11-10 20:36:11'	15	array (
  'id' => '2',
  'socket_id' => '16',
  'username' => 'fish',
  'password' => '123456',
  'salt' => '',
  'nickname' => '匿名',
  'avatar' => '/static/images/pkq.png',
  'signature' => '',
  'status' => '0',
  'login_time' => '0',
  'create_time' => '0',
  'update_time' => '0',
  'delete_time' => '0',
)
2024-11-10 20:36:49'	17
2024-11-10 20:36:49'	17	array (
  'onopen' => 1,
  'from_username' => 'hepm',
)
2024-11-10 20:36:51'	18
2024-11-10 20:36:51'	18	array (
  'onopen' => 1,
  'from_username' => 'fish',
)
2024-11-10 20:36:55'	18	array (
  'from_id' => 2,
  'to_id' => 1,
  'from_username' => 'fish',
  'to_username' => 'hepm',
  'type' => 1,
  'status' => 0,
  'content' => '很好很强大2024-11-10 22:29:49',
  'group_id' => 1,
  'send_time' => 1731248989,
  'create_time' => 1731248989,
)
2024-11-10 20:36:55'	18	array (
  'id' => '1',
  'socket_id' => '17',
  'username' => 'hepm',
  'password' => '123456',
  'salt' => '',
  'nickname' => '匿名',
  'avatar' => '/static/images/pkq.png',
  'signature' => '',
  'status' => '0',
  'login_time' => '0',
  'create_time' => '0',
  'update_time' => '0',
  'delete_time' => '0',
)
2024-11-10 20:37:00'	17	array (
  'from_id' => 1,
  'to_id' => 2,
  'from_username' => 'hepm',
  'to_username' => 'fish',
  'type' => 1,
  'status' => 0,
  'content' => '很好很强大2024-11-10 22:29:49',
  'group_id' => 1,
  'send_time' => 1731248989,
  'create_time' => 1731248989,
)
2024-11-10 20:37:00'	17	array (
  'id' => '2',
  'socket_id' => '18',
  'username' => 'fish',
  'password' => '123456',
  'salt' => '',
  'nickname' => '匿名',
  'avatar' => '/static/images/pkq.png',
  'signature' => '',
  'status' => '0',
  'login_time' => '0',
  'create_time' => '0',
  'update_time' => '0',
  'delete_time' => '0',
)
2024-11-11 01:08:07'	1
2024-11-11 01:08:07'	1	array (
  'onopen' => 1,
  'from_username' => 'hepm',
)
2024-11-11 01:08:20'	1	array (
  'from_id' => 1,
  'to_id' => 2,
  'from_username' => 'hepm',
  'to_username' => 'fish',
  'type' => 1,
  'status' => 0,
  'content' => '很好很强大2024-11-10 22:29:49',
  'group_id' => 1,
  'send_time' => 1731248989,
  'create_time' => 1731248989,
)
2024-11-11 01:08:20'	1	array (
  'id' => '2',
  'socket_id' => '18',
  'username' => 'fish',
  'password' => '123456',
  'salt' => '',
  'nickname' => '匿名',
  'avatar' => '/static/images/pkq.png',
  'signature' => '',
  'status' => '0',
  'login_time' => '0',
  'create_time' => '0',
  'update_time' => '0',
  'delete_time' => '0',
)
2024-11-11 01:08:35'	1	array (
  'from_id' => 1,
  'to_id' => 2,
  'from_username' => 'hepm',
  'to_username' => 'fish',
  'type' => 1,
  'status' => 0,
  'content' => '很好很强大2024-11-10 22:29:49',
  'group_id' => 1,
  'send_time' => 1731248989,
  'create_time' => 1731248989,
)
2024-11-11 01:08:35'	1	array (
  'id' => '2',
  'socket_id' => '18',
  'username' => 'fish',
  'password' => '123456',
  'salt' => '',
  'nickname' => '匿名',
  'avatar' => '/static/images/pkq.png',
  'signature' => '',
  'status' => '0',
  'login_time' => '0',
  'create_time' => '0',
  'update_time' => '0',
  'delete_time' => '0',
)
2024-11-11 01:08:45'	1	array (
  'from_id' => 1,
  'to_id' => 2,
  'from_username' => 'hepm',
  'to_username' => 'fish',
  'type' => 1,
  'status' => 0,
  'content' => '很好很强大2024-11-10 22:29:49',
  'group_id' => 1,
  'send_time' => 1731248989,
  'create_time' => 1731248989,
)
2024-11-11 01:08:45'	1	array (
  'id' => '2',
  'socket_id' => '18',
  'username' => 'fish',
  'password' => '123456',
  'salt' => '',
  'nickname' => '匿名',
  'avatar' => '/static/images/pkq.png',
  'signature' => '',
  'status' => '0',
  'login_time' => '0',
  'create_time' => '0',
  'update_time' => '0',
  'delete_time' => '0',
)
2024-11-11 01:09:03'	2
2024-11-11 01:09:03'	2	array (
  'onopen' => 1,
  'from_username' => 'fish',
)
2024-11-11 01:09:08'	3
2024-11-11 01:09:08'	3	array (
  'onopen' => 1,
  'from_username' => 'hepm',
)
2024-11-11 01:09:13'	3	array (
  'from_id' => 1,
  'to_id' => 2,
  'from_username' => 'hepm',
  'to_username' => 'fish',
  'type' => 1,
  'status' => 0,
  'content' => '很好很强大2024-11-10 22:29:49',
  'group_id' => 1,
  'send_time' => 1731248989,
  'create_time' => 1731248989,
)
2024-11-11 01:09:13'	3	array (
  'id' => '2',
  'socket_id' => '2',
  'username' => 'fish',
  'password' => '123456',
  'salt' => '',
  'nickname' => '匿名',
  'avatar' => '/static/images/pkq.png',
  'signature' => '',
  'status' => '0',
  'login_time' => '0',
  'create_time' => '0',
  'update_time' => '0',
  'delete_time' => '0',
)
2024-11-11 01:09:17'	2	array (
  'from_id' => 2,
  'to_id' => 1,
  'from_username' => 'fish',
  'to_username' => 'hepm',
  'type' => 1,
  'status' => 0,
  'content' => '很好很强大2024-11-10 22:29:49',
  'group_id' => 1,
  'send_time' => 1731248989,
  'create_time' => 1731248989,
)
2024-11-11 01:09:17'	2	array (
  'id' => '1',
  'socket_id' => '3',
  'username' => 'hepm',
  'password' => '123456',
  'salt' => '',
  'nickname' => '匿名',
  'avatar' => '/static/images/pkq.png',
  'signature' => '',
  'status' => '0',
  'login_time' => '0',
  'create_time' => '0',
  'update_time' => '0',
  'delete_time' => '0',
)
2024-11-11 01:09:22'	3	array (
  'from_id' => 1,
  'to_id' => 2,
  'from_username' => 'hepm',
  'to_username' => 'fish',
  'type' => 1,
  'status' => 0,
  'content' => '很好很强大2024-11-10 22:29:49',
  'group_id' => 1,
  'send_time' => 1731248989,
  'create_time' => 1731248989,
)
2024-11-11 01:09:23'	3	array (
  'id' => '2',
  'socket_id' => '2',
  'username' => 'fish',
  'password' => '123456',
  'salt' => '',
  'nickname' => '匿名',
  'avatar' => '/static/images/pkq.png',
  'signature' => '',
  'status' => '0',
  'login_time' => '0',
  'create_time' => '0',
  'update_time' => '0',
  'delete_time' => '0',
)
2024-11-11 01:09:27'	2	array (
  'from_id' => 2,
  'to_id' => 1,
  'from_username' => 'fish',
  'to_username' => 'hepm',
  'type' => 1,
  'status' => 0,
  'content' => '很好很强大2024-11-10 22:29:49',
  'group_id' => 1,
  'send_time' => 1731248989,
  'create_time' => 1731248989,
)
2024-11-11 01:09:27'	2	array (
  'id' => '1',
  'socket_id' => '3',
  'username' => 'hepm',
  'password' => '123456',
  'salt' => '',
  'nickname' => '匿名',
  'avatar' => '/static/images/pkq.png',
  'signature' => '',
  'status' => '0',
  'login_time' => '0',
  'create_time' => '0',
  'update_time' => '0',
  'delete_time' => '0',
)
2024-11-11 01:09:59'	4
2024-11-11 01:09:59'	4	array (
  'onopen' => 1,
  'from_username' => 'fish',
)
2024-11-11 01:10:00'	5
2024-11-11 01:10:00'	5	array (
  'onopen' => 1,
  'from_username' => 'hepm',
)
2024-11-11 01:10:04'	6
2024-11-11 01:10:04'	6	array (
  'onopen' => 1,
  'from_username' => 'fish',
)
2024-11-11 01:10:09'	6	array (
  'from_id' => 2,
  'to_id' => 1,
  'from_username' => 'fish',
  'to_username' => 'hepm',
  'type' => 1,
  'status' => 0,
  'content' => '很好很强大2024-11-10 22:29:49',
  'group_id' => 1,
  'send_time' => 1731248989,
  'create_time' => 1731248989,
)
2024-11-11 01:10:09'	6	array (
  'id' => '1',
  'socket_id' => '5',
  'username' => 'hepm',
  'password' => '123456',
  'salt' => '',
  'nickname' => '匿名',
  'avatar' => '/static/images/pkq.png',
  'signature' => '',
  'status' => '0',
  'login_time' => '0',
  'create_time' => '0',
  'update_time' => '0',
  'delete_time' => '0',
)
2024-11-11 01:10:13'	5	array (
  'from_id' => 1,
  'to_id' => 2,
  'from_username' => 'hepm',
  'to_username' => 'fish',
  'type' => 1,
  'status' => 0,
  'content' => '很好很强大2024-11-10 22:29:49',
  'group_id' => 1,
  'send_time' => 1731248989,
  'create_time' => 1731248989,
)
2024-11-11 01:10:13'	5	array (
  'id' => '2',
  'socket_id' => '6',
  'username' => 'fish',
  'password' => '123456',
  'salt' => '',
  'nickname' => '匿名',
  'avatar' => '/static/images/pkq.png',
  'signature' => '',
  'status' => '0',
  'login_time' => '0',
  'create_time' => '0',
  'update_time' => '0',
  'delete_time' => '0',
)
2024-11-11 01:10:18'	6	array (
  'from_id' => 2,
  'to_id' => 1,
  'from_username' => 'fish',
  'to_username' => 'hepm',
  'type' => 1,
  'status' => 0,
  'content' => '很好很强大2024-11-10 22:29:49',
  'group_id' => 1,
  'send_time' => 1731248989,
  'create_time' => 1731248989,
)
2024-11-11 01:10:18'	6	array (
  'id' => '1',
  'socket_id' => '5',
  'username' => 'hepm',
  'password' => '123456',
  'salt' => '',
  'nickname' => '匿名',
  'avatar' => '/static/images/pkq.png',
  'signature' => '',
  'status' => '0',
  'login_time' => '0',
  'create_time' => '0',
  'update_time' => '0',
  'delete_time' => '0',
)
2024-11-11 01:11:20'	7
2024-11-11 01:11:20'	7	array (
  'onopen' => 1,
  'from_username' => 'fish',
)
2024-11-11 01:11:21'	8
2024-11-11 01:11:21'	8	array (
  'onopen' => 1,
  'from_username' => 'hepm',
)
2024-11-11 01:11:26'	8	array (
  'from_id' => 1,
  'to_id' => 2,
  'from_username' => 'hepm',
  'to_username' => 'fish',
  'type' => 1,
  'status' => 0,
  'content' => '很好很强大2024-11-10 22:29:49',
  'group_id' => 1,
  'send_time' => 1731248989,
  'create_time' => 1731248989,
)
2024-11-11 01:11:26'	8	array (
  'id' => '2',
  'socket_id' => '7',
  'username' => 'fish',
  'password' => '123456',
  'salt' => '',
  'nickname' => '匿名',
  'avatar' => '/static/images/pkq.png',
  'signature' => '',
  'status' => '0',
  'login_time' => '0',
  'create_time' => '0',
  'update_time' => '0',
  'delete_time' => '0',
)
2024-11-11 01:11:31'	7	array (
  'from_id' => 2,
  'to_id' => 1,
  'from_username' => 'fish',
  'to_username' => 'hepm',
  'type' => 1,
  'status' => 0,
  'content' => '很好很强大2024-11-10 22:29:49',
  'group_id' => 1,
  'send_time' => 1731248989,
  'create_time' => 1731248989,
)
2024-11-11 01:11:31'	7	array (
  'id' => '1',
  'socket_id' => '8',
  'username' => 'hepm',
  'password' => '123456',
  'salt' => '',
  'nickname' => '匿名',
  'avatar' => '/static/images/pkq.png',
  'signature' => '',
  'status' => '0',
  'login_time' => '0',
  'create_time' => '0',
  'update_time' => '0',
  'delete_time' => '0',
)
2024-11-11 01:11:33'	7	array (
  'from_id' => 2,
  'to_id' => 1,
  'from_username' => 'fish',
  'to_username' => 'hepm',
  'type' => 1,
  'status' => 0,
  'content' => '很好很强大2024-11-10 22:29:49',
  'group_id' => 1,
  'send_time' => 1731248989,
  'create_time' => 1731248989,
)
2024-11-11 01:11:33'	7	array (
  'id' => '1',
  'socket_id' => '8',
  'username' => 'hepm',
  'password' => '123456',
  'salt' => '',
  'nickname' => '匿名',
  'avatar' => '/static/images/pkq.png',
  'signature' => '',
  'status' => '0',
  'login_time' => '0',
  'create_time' => '0',
  'update_time' => '0',
  'delete_time' => '0',
)
2024-11-11 01:14:13'	9
2024-11-11 01:14:13'	9	array (
  'onopen' => 1,
  'from_username' => 'fish',
)
2024-11-11 01:14:16'	10
2024-11-11 01:14:16'	10	array (
  'onopen' => 1,
  'from_username' => 'hepm',
)
2024-11-11 01:14:20'	10	array (
  'from_id' => 1,
  'to_id' => 2,
  'from_username' => 'hepm',
  'to_username' => 'fish',
  'type' => 1,
  'status' => 0,
  'content' => '很好很强大2024-11-10 22:29:49',
  'group_id' => 1,
  'send_time' => 1731248989,
  'create_time' => 1731248989,
)
2024-11-11 01:14:20'	10	array (
  'id' => '2',
  'socket_id' => '9',
  'username' => 'fish',
  'password' => '123456',
  'salt' => '',
  'nickname' => '匿名',
  'avatar' => '/static/images/pkq.png',
  'signature' => '',
  'status' => '0',
  'login_time' => '0',
  'create_time' => '0',
  'update_time' => '0',
  'delete_time' => '0',
)
2024-11-11 01:14:24'	9	array (
  'from_id' => 2,
  'to_id' => 1,
  'from_username' => 'fish',
  'to_username' => 'hepm',
  'type' => 1,
  'status' => 0,
  'content' => '很好很强大2024-11-10 22:29:49',
  'group_id' => 1,
  'send_time' => 1731248989,
  'create_time' => 1731248989,
)
2024-11-11 01:14:24'	9	array (
  'id' => '1',
  'socket_id' => '10',
  'username' => 'hepm',
  'password' => '123456',
  'salt' => '',
  'nickname' => '匿名',
  'avatar' => '/static/images/pkq.png',
  'signature' => '',
  'status' => '0',
  'login_time' => '0',
  'create_time' => '0',
  'update_time' => '0',
  'delete_time' => '0',
)
2024-11-11 01:14:28'	9	array (
  'from_id' => 2,
  'to_id' => 1,
  'from_username' => 'fish',
  'to_username' => 'hepm',
  'type' => 1,
  'status' => 0,
  'content' => '很好很强大2024-11-10 22:29:49',
  'group_id' => 1,
  'send_time' => 1731248989,
  'create_time' => 1731248989,
)
2024-11-11 01:14:28'	9	array (
  'id' => '1',
  'socket_id' => '10',
  'username' => 'hepm',
  'password' => '123456',
  'salt' => '',
  'nickname' => '匿名',
  'avatar' => '/static/images/pkq.png',
  'signature' => '',
  'status' => '0',
  'login_time' => '0',
  'create_time' => '0',
  'update_time' => '0',
  'delete_time' => '0',
)
2024-11-11 01:17:52'	11
2024-11-11 01:17:52'	11	array (
  'onopen' => 1,
  'from_username' => 'fish',
)
2024-11-11 01:17:57'	12
2024-11-11 01:17:57'	12	array (
  'onopen' => 1,
  'from_username' => 'fish',
)
2024-11-11 01:17:57'	13
2024-11-11 01:17:57'	13	array (
  'onopen' => 1,
  'from_username' => 'fish',
)
2024-11-11 01:17:57'	14
2024-11-11 01:17:57'	14	array (
  'onopen' => 1,
  'from_username' => 'fish',
)
2024-11-11 01:18:56'	15
2024-11-11 01:18:56'	15	array (
  'onopen' => 1,
  'from_username' => 'fish',
)
2024-11-11 01:18:58'	16
2024-11-11 01:18:58'	16	array (
  'onopen' => 1,
  'from_username' => 'fish',
)
2024-11-11 01:19:02'	17
2024-11-11 01:19:02'	17	array (
  'onopen' => 1,
  'from_username' => 'hepm',
)
2024-11-11 01:19:06'	17	array (
  'from_id' => 1,
  'to_id' => 2,
  'from_username' => 'hepm',
  'to_username' => 'fish',
  'type' => 1,
  'status' => 0,
  'content' => '很好很强大2024-11-10 22:29:49',
  'group_id' => 1,
  'send_time' => 1731248989,
  'create_time' => 1731248989,
)
2024-11-11 01:19:06'	17	array (
  'id' => '2',
  'socket_id' => '16',
  'username' => 'fish',
  'password' => '123456',
  'salt' => '',
  'nickname' => '匿名',
  'avatar' => '/static/images/pkq.png',
  'signature' => '',
  'status' => '0',
  'login_time' => '0',
  'create_time' => '0',
  'update_time' => '0',
  'delete_time' => '0',
)
2024-11-11 01:19:10'	16	array (
  'from_id' => 2,
  'to_id' => 1,
  'from_username' => 'fish',
  'to_username' => 'hepm',
  'type' => 1,
  'status' => 0,
  'content' => '很好很强大2024-11-10 22:29:49',
  'group_id' => 1,
  'send_time' => 1731248989,
  'create_time' => 1731248989,
)
2024-11-11 01:19:10'	16	array (
  'id' => '1',
  'socket_id' => '17',
  'username' => 'hepm',
  'password' => '123456',
  'salt' => '',
  'nickname' => '匿名',
  'avatar' => '/static/images/pkq.png',
  'signature' => '',
  'status' => '0',
  'login_time' => '0',
  'create_time' => '0',
  'update_time' => '0',
  'delete_time' => '0',
)
2024-11-11 01:54:03'	18
2024-11-11 01:54:03'	18	array (
  'onopen' => 1,
  'from_username' => 'hepm',
)
2024-11-11 01:54:07'	19
2024-11-11 01:54:07'	19	array (
  'onopen' => 1,
  'from_username' => 'fish',
)
2024-11-11 01:54:16'	20
2024-11-11 01:54:16'	20	array (
  'onopen' => 1,
  'from_username' => 'hepm',
)
2024-11-11 01:54:28'	20	array (
  'from_id' => 1,
  'to_id' => 2,
  'from_username' => 'hepm',
  'to_username' => 'fish',
  'type' => 1,
  'status' => 0,
  'content' => '很好很强大2024-11-10 22:29:49',
  'group_id' => 1,
  'send_time' => 1731248989,
  'create_time' => 1731248989,
)
2024-11-11 01:54:28'	20	array (
  'id' => '2',
  'socket_id' => '19',
  'username' => 'fish',
  'password' => '123456',
  'salt' => '',
  'nickname' => '匿名',
  'avatar' => '/static/images/pkq.png',
  'signature' => '',
  'status' => '0',
  'login_time' => '0',
  'create_time' => '0',
  'update_time' => '0',
  'delete_time' => '0',
)
2024-11-11 01:54:33'	19	array (
  'from_id' => 2,
  'to_id' => 1,
  'from_username' => 'fish',
  'to_username' => 'hepm',
  'type' => 1,
  'status' => 0,
  'content' => '很好很强大2024-11-10 22:29:49',
  'group_id' => 1,
  'send_time' => 1731248989,
  'create_time' => 1731248989,
)
2024-11-11 01:54:33'	19	array (
  'id' => '1',
  'socket_id' => '20',
  'username' => 'hepm',
  'password' => '123456',
  'salt' => '',
  'nickname' => '匿名',
  'avatar' => '/static/images/pkq.png',
  'signature' => '',
  'status' => '0',
  'login_time' => '0',
  'create_time' => '0',
  'update_time' => '0',
  'delete_time' => '0',
)
2024-11-11 01:54:41'	20	array (
  'from_id' => 1,
  'to_id' => 2,
  'from_username' => 'hepm',
  'to_username' => 'fish',
  'type' => 1,
  'status' => 0,
  'content' => '很好很强大2024-11-10 22:29:49',
  'group_id' => 1,
  'send_time' => 1731248989,
  'create_time' => 1731248989,
)
2024-11-11 01:54:41'	20	array (
  'id' => '2',
  'socket_id' => '19',
  'username' => 'fish',
  'password' => '123456',
  'salt' => '',
  'nickname' => '匿名',
  'avatar' => '/static/images/pkq.png',
  'signature' => '',
  'status' => '0',
  'login_time' => '0',
  'create_time' => '0',
  'update_time' => '0',
  'delete_time' => '0',
)
2024-11-11 01:54:50'	19	array (
  'from_id' => 2,
  'to_id' => 1,
  'from_username' => 'fish',
  'to_username' => 'hepm',
  'type' => 1,
  'status' => 0,
  'content' => '很好很强大2024-11-10 22:29:49',
  'group_id' => 1,
  'send_time' => 1731248989,
  'create_time' => 1731248989,
)
2024-11-11 01:54:50'	19	array (
  'id' => '1',
  'socket_id' => '20',
  'username' => 'hepm',
  'password' => '123456',
  'salt' => '',
  'nickname' => '匿名',
  'avatar' => '/static/images/pkq.png',
  'signature' => '',
  'status' => '0',
  'login_time' => '0',
  'create_time' => '0',
  'update_time' => '0',
  'delete_time' => '0',
)
2024-11-11 01:54:56'	20	array (
  'from_id' => 1,
  'to_id' => 2,
  'from_username' => 'hepm',
  'to_username' => 'fish',
  'type' => 1,
  'status' => 0,
  'content' => '很好很强大2024-11-10 22:29:49',
  'group_id' => 1,
  'send_time' => 1731248989,
  'create_time' => 1731248989,
)
2024-11-11 01:54:56'	20	array (
  'id' => '2',
  'socket_id' => '19',
  'username' => 'fish',
  'password' => '123456',
  'salt' => '',
  'nickname' => '匿名',
  'avatar' => '/static/images/pkq.png',
  'signature' => '',
  'status' => '0',
  'login_time' => '0',
  'create_time' => '0',
  'update_time' => '0',
  'delete_time' => '0',
)
2024-11-11 01:56:40'	20	array (
  'from_id' => 1,
  'to_id' => 2,
  'from_username' => 'hepm',
  'to_username' => 'fish',
  'type' => 1,
  'status' => 0,
  'content' => '很好很强大2024-11-10 22:29:49',
  'group_id' => 1,
  'send_time' => 1731248989,
  'create_time' => 1731248989,
)
2024-11-11 01:56:40'	20	array (
  'id' => '2',
  'socket_id' => '19',
  'username' => 'fish',
  'password' => '123456',
  'salt' => '',
  'nickname' => '匿名',
  'avatar' => '/static/images/pkq.png',
  'signature' => '',
  'status' => '0',
  'login_time' => '0',
  'create_time' => '0',
  'update_time' => '0',
  'delete_time' => '0',
)
2024-11-11 01:57:23'	20	array (
  'from_id' => 1,
  'to_id' => 2,
  'from_username' => 'hepm',
  'to_username' => 'fish',
  'type' => 1,
  'status' => 0,
  'content' => '很好很强大2024-11-10 22:29:49',
  'group_id' => 1,
  'send_time' => 1731248989,
  'create_time' => 1731248989,
)
2024-11-11 01:57:23'	20	array (
  'id' => '2',
  'socket_id' => '19',
  'username' => 'fish',
  'password' => '123456',
  'salt' => '',
  'nickname' => '匿名',
  'avatar' => '/static/images/pkq.png',
  'signature' => '',
  'status' => '0',
  'login_time' => '0',
  'create_time' => '0',
  'update_time' => '0',
  'delete_time' => '0',
)
2024-11-11 02:10:22'	20	array (
  'from_id' => 1,
  'to_id' => 2,
  'from_username' => 'hepm',
  'to_username' => 'fish',
  'type' => 1,
  'status' => 0,
  'content' => '很好很强大2024-11-10 22:29:49',
  'group_id' => 1,
  'send_time' => 1731248989,
  'create_time' => 1731248989,
)
2024-11-11 02:10:22'	20	array (
  'id' => '2',
  'socket_id' => '19',
  'username' => 'fish',
  'password' => '123456',
  'salt' => '',
  'nickname' => '匿名',
  'avatar' => '/static/images/pkq.png',
  'signature' => '',
  'status' => '0',
  'login_time' => '0',
  'create_time' => '0',
  'update_time' => '0',
  'delete_time' => '0',
)
2024-11-11 02:10:26'	19	array (
  'from_id' => 2,
  'to_id' => 1,
  'from_username' => 'fish',
  'to_username' => 'hepm',
  'type' => 1,
  'status' => 0,
  'content' => '很好很强大2024-11-10 22:29:49',
  'group_id' => 1,
  'send_time' => 1731248989,
  'create_time' => 1731248989,
)
2024-11-11 02:10:26'	19	array (
  'id' => '1',
  'socket_id' => '20',
  'username' => 'hepm',
  'password' => '123456',
  'salt' => '',
  'nickname' => '匿名',
  'avatar' => '/static/images/pkq.png',
  'signature' => '',
  'status' => '0',
  'login_time' => '0',
  'create_time' => '0',
  'update_time' => '0',
  'delete_time' => '0',
)
2024-11-11 02:10:55'	21
2024-11-11 02:10:55'	21	array (
  'onopen' => 1,
  'from_username' => 'hepm',
)
2024-11-11 02:11:03'	21	array (
  'from_id' => 1,
  'to_id' => 2,
  'from_username' => 'hepm',
  'to_username' => 'fish',
  'type' => 1,
  'status' => 0,
  'content' => '很好很强大2024-11-10 22:29:49',
  'group_id' => 1,
  'send_time' => 1731248989,
  'create_time' => 1731248989,
)
2024-11-11 02:11:03'	21	array (
  'id' => '2',
  'socket_id' => '19',
  'username' => 'fish',
  'password' => '123456',
  'salt' => '',
  'nickname' => '匿名',
  'avatar' => '/static/images/pkq.png',
  'signature' => '',
  'status' => '0',
  'login_time' => '0',
  'create_time' => '0',
  'update_time' => '0',
  'delete_time' => '0',
)
2024-11-11 02:12:04'	21	array (
  'from_id' => 1,
  'to_id' => 2,
  'from_username' => 'hepm',
  'to_username' => 'fish',
  'type' => 1,
  'status' => 0,
  'content' => '很好很强大2024-11-10 22:29:49',
  'group_id' => 1,
  'send_time' => 1731248989,
  'create_time' => 1731248989,
)
2024-11-11 02:12:05'	21	array (
  'id' => '2',
  'socket_id' => '19',
  'username' => 'fish',
  'password' => '123456',
  'salt' => '',
  'nickname' => '匿名',
  'avatar' => '/static/images/pkq.png',
  'signature' => '',
  'status' => '0',
  'login_time' => '0',
  'create_time' => '0',
  'update_time' => '0',
  'delete_time' => '0',
)
2024-11-11 02:19:28'	22
2024-11-11 02:19:28'	22	array (
  'onopen' => 1,
  'from_username' => 'hepm',
)
2024-11-11 02:20:22'	23
2024-11-11 02:20:22'	23	array (
  'onopen' => 1,
  'from_username' => 'hepm',
)
2024-11-11 02:20:25'	24
2024-11-11 02:20:25'	24	array (
  'onopen' => 1,
  'from_username' => 'hepm',
)
2024-11-11 02:20:37'	25
2024-11-11 02:20:37'	25	array (
  'onopen' => 1,
  'from_username' => 'hepm',
)
2024-11-11 02:21:22'	26
2024-11-11 02:21:22'	26	array (
  'onopen' => 1,
  'from_username' => 'hepm',
)
2024-11-11 02:21:24'	27
2024-11-11 02:21:24'	27	array (
  'onopen' => 1,
  'from_username' => 'hepm',
)
2024-11-11 02:21:26'	28
2024-11-11 02:21:26'	28	array (
  'onopen' => 1,
  'from_username' => 'hepm',
)
2024-11-11 02:21:44'	29
2024-11-11 02:21:44'	29	array (
  'onopen' => 1,
  'from_username' => 'hepm',
)
2024-11-11 02:21:44'	30
2024-11-11 02:21:44'	30	array (
  'onopen' => 1,
  'from_username' => 'hepm',
)
2024-11-11 02:22:58'	31
2024-11-11 02:22:58'	31	array (
  'onopen' => 1,
  'from_username' => 'hepm',
)
2024-11-11 02:23:00'	32
2024-11-11 02:23:00'	32	array (
  'onopen' => 1,
  'from_username' => 'hepm',
)
2024-11-11 02:23:20'	33
2024-11-11 02:23:20'	33	array (
  'onopen' => 1,
  'from_username' => 'hepm',
)
2024-11-11 02:23:23'	34
2024-11-11 02:23:23'	34	array (
  'onopen' => 1,
  'from_username' => 'hepm',
)
2024-11-11 02:23:27'	35
2024-11-11 02:23:27'	35	array (
  'onopen' => 1,
  'from_username' => 'hepm',
)
2024-11-11 02:25:59'	36
2024-11-11 02:25:59'	36	array (
  'onopen' => 1,
  'from_username' => 'hepm',
)
2024-11-11 02:26:56'	37
2024-11-11 02:26:56'	37	array (
  'onopen' => 1,
  'from_username' => 'hepm',
)
2024-11-11 02:29:59'	38
2024-11-11 02:29:59'	38	array (
  'onopen' => 1,
  'from_username' => 'hepm',
)
2024-11-11 02:32:03'	39
2024-11-11 02:32:03'	39	array (
  'onopen' => 1,
  'from_username' => 'hepm',
)
2024-11-11 02:32:22'	40
2024-11-11 02:32:22'	40	array (
  'onopen' => 1,
  'from_username' => 'hepm',
)
2024-11-11 02:32:32'	41
2024-11-11 02:32:32'	41	array (
  'onopen' => 1,
  'from_username' => 'hepm',
)
2024-11-11 02:32:33'	42
2024-11-11 02:32:33'	42	array (
  'onopen' => 1,
  'from_username' => 'hepm',
)
2024-11-11 02:33:30'	43
2024-11-11 02:33:30'	43	array (
  'onopen' => 1,
  'from_username' => 'hepm',
)
2024-11-11 02:34:50'	44
2024-11-11 02:34:50'	44	array (
  'onopen' => 1,
  'from_username' => 'hepm',
)
2024-11-11 02:36:51'	45
2024-11-11 02:36:51'	45	array (
  'onopen' => 1,
  'from_username' => 'hepm',
)
2024-11-11 02:37:22'	46
2024-11-11 02:37:22'	46	array (
  'onopen' => 1,
  'from_username' => 'hepm',
)
2024-11-11 02:37:51'	47
2024-11-11 02:37:51'	47	array (
  'onopen' => 1,
  'from_username' => 'hepm',
)
2024-11-11 02:41:23'	48
2024-11-11 02:41:23'	48	array (
  'onopen' => 1,
  'from_username' => 'hepm',
)
2024-11-11 02:41:51'	49
2024-11-11 02:41:51'	49	array (
  'onopen' => 1,
  'from_username' => 'hepm',
)
2024-11-11 02:43:51'	50
2024-11-11 02:43:51'	50	array (
  'onopen' => 1,
  'from_username' => 'hepm',
)
2024-11-11 02:44:44'	51
2024-11-11 02:44:44'	51	array (
  'onopen' => 1,
  'from_username' => 'hepm',
)
2024-11-11 02:44:46'	52
2024-11-11 02:44:46'	52	array (
  'onopen' => 1,
  'from_username' => 'hepm',
)
2024-11-11 02:45:50'	53
2024-11-11 02:45:50'	53	array (
  'onopen' => 1,
  'from_username' => 'hepm',
)
2024-11-11 02:46:19'	54
2024-11-11 02:46:19'	54	array (
  'onopen' => 1,
  'from_username' => 'hepm',
)
2024-11-11 02:46:54'	55
2024-11-11 02:46:54'	55	array (
  'onopen' => 1,
  'from_username' => 'hepm',
)
2024-11-11 02:47:22'	56
2024-11-11 02:47:22'	56	array (
  'onopen' => 1,
  'from_username' => 'hepm',
)
2024-11-11 02:51:29'	57
2024-11-11 02:51:29'	57	array (
  'onopen' => 1,
  'from_username' => 'hepm',
)
2024-11-11 02:51:57'	58
2024-11-11 02:51:57'	58	array (
  'onopen' => 1,
  'from_username' => 'hepm',
)
2024-11-11 02:52:07'	59
2024-11-11 02:52:07'	59	array (
  'onopen' => 1,
  'from_username' => 'hepm',
)
2024-11-11 02:52:57'	60
2024-11-11 02:52:57'	60	array (
  'onopen' => 1,
  'from_username' => 'hepm',
)
2024-11-11 02:53:18'	61
2024-11-11 02:53:18'	61	array (
  'onopen' => 1,
  'from_username' => 'hepm',
)
2024-11-11 02:53:40'	62
2024-11-11 02:53:40'	62	array (
  'onopen' => 1,
  'from_username' => 'hepm',
)
2024-11-11 02:54:27'	63
2024-11-11 02:54:27'	63	array (
  'onopen' => 1,
  'from_username' => 'hepm',
)
2024-11-11 02:54:38'	64
2024-11-11 02:54:38'	64	array (
  'onopen' => 1,
  'from_username' => 'hepm',
)
2024-11-11 02:56:28'	65
2024-11-11 02:56:28'	65	array (
  'onopen' => 1,
  'from_username' => 'hepm',
)
2024-11-11 02:57:40'	66
2024-11-11 02:57:40'	66	array (
  'onopen' => 1,
  'from_username' => 'hepm',
)
2024-11-11 02:58:05'	67
2024-11-11 02:58:05'	67	array (
  'onopen' => 1,
  'from_username' => 'hepm',
)
2024-11-11 02:58:20'	68
2024-11-11 02:58:20'	68	array (
  'onopen' => 1,
  'from_username' => 'hepm',
)
2024-11-11 02:58:37'	69
2024-11-11 02:58:37'	69	array (
  'onopen' => 1,
  'from_username' => 'hepm',
)
2024-11-11 02:59:54'	70
2024-11-11 02:59:54'	70	array (
  'onopen' => 1,
  'from_username' => 'hepm',
)
2024-11-11 03:00:06'	71
2024-11-11 03:00:06'	71	array (
  'onopen' => 1,
  'from_username' => 'hepm',
)
2024-11-11 03:00:35'	72
2024-11-11 03:00:35'	72	array (
  'onopen' => 1,
  'from_username' => 'hepm',
)
2024-11-11 03:00:35'	73
2024-11-11 03:00:35'	73	array (
  'onopen' => 1,
  'from_username' => 'hepm',
)
2024-11-11 03:00:58'	74
2024-11-11 03:00:58'	74	array (
  'onopen' => 1,
  'from_username' => 'hepm',
)
2024-11-11 03:01:08'	75
2024-11-11 03:01:08'	75	array (
  'onopen' => 1,
  'from_username' => 'hepm',
)
2024-11-11 03:01:27'	76
2024-11-11 03:01:27'	76	array (
  'onopen' => 1,
  'from_username' => 'hepm',
)
2024-11-11 03:01:50'	77
2024-11-11 03:01:50'	77	array (
  'onopen' => 1,
  'from_username' => 'hepm',
)
2024-11-11 03:10:31'	78
2024-11-11 03:10:31'	78	array (
  'onopen' => 1,
  'from_username' => 'hepm',
)
2024-11-11 03:11:57'	79
2024-11-11 03:11:57'	79	array (
  'onopen' => 1,
  'from_username' => 'hepm',
)
2024-11-11 03:15:44'	80
2024-11-11 03:15:44'	80	array (
  'onopen' => 1,
  'from_username' => 'hepm',
)
2024-11-11 03:16:31'	81
2024-11-11 03:16:31'	81	array (
  'onopen' => 1,
  'from_username' => 'hepm',
)
2024-11-11 03:18:48'	82
2024-11-11 03:18:48'	82	array (
  'onopen' => 1,
  'from_username' => 'hepm',
)
2024-11-11 03:21:16'	83
2024-11-11 03:21:16'	83	array (
  'onopen' => 1,
  'from_username' => 'hepm',
)
2024-11-11 03:22:32'	84
2024-11-11 03:22:32'	84	array (
  'onopen' => 1,
  'from_username' => 'hepm',
)
2024-11-11 03:25:06'	85
2024-11-11 03:25:06'	85	array (
  'onopen' => 1,
  'from_username' => 'hepm',
)
2024-11-11 03:25:17'	86
2024-11-11 03:25:17'	86	array (
  'onopen' => 1,
  'from_username' => 'hepm',
)
2024-11-11 03:25:17'	87
2024-11-11 03:25:17'	87	array (
  'onopen' => 1,
  'from_username' => 'hepm',
)
2024-11-11 03:29:10'	88
2024-11-11 03:29:10'	88	array (
  'onopen' => 1,
  'from_username' => 'hepm',
)
2024-11-11 03:29:16'	89
2024-11-11 03:29:16'	89	array (
  'onopen' => 1,
  'from_username' => 'hepm',
)
2024-11-11 03:32:34'	90
2024-11-11 03:32:34'	90	array (
  'onopen' => 1,
  'from_username' => 'hepm',
)
2024-11-11 03:32:51'	91
2024-11-11 03:32:51'	91	array (
  'onopen' => 1,
  'from_username' => 'hepm',
)
2024-11-11 03:33:17'	92
2024-11-11 03:33:17'	92	array (
  'onopen' => 1,
  'from_username' => 'hepm',
)
2024-11-11 03:34:11'	93
2024-11-11 03:34:11'	93	array (
  'onopen' => 1,
  'from_username' => 'hepm',
)
2024-11-11 03:34:17'	93	array (
  'from_id' => 1,
  'to_id' => 2,
  'from_username' => 'hepm',
  'to_username' => 'fish',
  'type' => 1,
  'status' => 0,
  'content' => '很好很强大2024-11-10 22:29:49',
  'group_id' => 1,
  'send_time' => 1731248989,
  'create_time' => 1731248989,
)
2024-11-11 03:34:17'	93	array (
  'id' => '2',
  'socket_id' => '19',
  'username' => 'fish',
  'password' => '123456',
  'salt' => '',
  'nickname' => '匿名',
  'avatar' => '/static/images/pkq.png',
  'signature' => '',
  'status' => '0',
  'login_time' => '0',
  'create_time' => '0',
  'update_time' => '0',
  'delete_time' => '0',
)
2024-11-11 03:34:26'	19	array (
  'from_id' => 2,
  'to_id' => 1,
  'from_username' => 'fish',
  'to_username' => 'hepm',
  'type' => 1,
  'status' => 0,
  'content' => '很好很强大2024-11-10 22:29:49',
  'group_id' => 1,
  'send_time' => 1731248989,
  'create_time' => 1731248989,
)
2024-11-11 03:34:26'	19	array (
  'id' => '1',
  'socket_id' => '93',
  'username' => 'hepm',
  'password' => '123456',
  'salt' => '',
  'nickname' => '匿名',
  'avatar' => '/static/images/pkq.png',
  'signature' => '',
  'status' => '0',
  'login_time' => '0',
  'create_time' => '0',
  'update_time' => '0',
  'delete_time' => '0',
)
2024-11-11 04:38:36'	94
2024-11-11 04:38:36'	94	array (
  'onopen' => 1,
  'from_username' => 'hepm',
)
2024-11-11 04:39:05'	95
2024-11-11 04:39:05'	95	array (
  'onopen' => 1,
  'from_username' => 'hepm',
)
2024-11-11 04:41:47'	96
2024-11-11 04:41:47'	96	array (
  'onopen' => 1,
  'from_username' => 'hepm',
)
2024-11-11 04:43:17'	97
2024-11-11 04:43:17'	97	array (
  'onopen' => 1,
  'from_username' => 'hepm',
)
2024-11-11 04:45:30'	98
2024-11-11 04:45:30'	98	array (
  'onopen' => 1,
  'from_username' => 'hepm',
)
2024-11-11 04:47:23'	99
2024-11-11 04:47:23'	99	array (
  'onopen' => 1,
  'from_username' => 'hepm',
)
2024-11-11 04:47:49'	100
2024-11-11 04:47:49'	100	array (
  'onopen' => 1,
  'from_username' => 'hepm',
)
2024-11-11 04:48:04'	101
2024-11-11 04:48:04'	101	array (
  'onopen' => 1,
  'from_username' => 'hepm',
)
2024-11-11 07:48:44'	1
2024-11-11 07:48:44'	1	array (
  'onopen' => 1,
  'from_username' => 'hepm',
)
2024-11-11 07:48:48'	1	array (
  'from_id' => 1,
  'to_id' => 2,
  'from_username' => 'hepm',
  'to_username' => 'fish',
  'type' => 1,
  'status' => 0,
  'content' => '很好很强大2024-11-10 22:29:49',
  'group_id' => 1,
  'send_time' => 1731248989,
  'create_time' => 1731248989,
)
2024-11-11 07:48:48'	1	array (
  'id' => '2',
  'socket_id' => '19',
  'username' => 'fish',
  'password' => '123456',
  'salt' => '',
  'nickname' => '匿名',
  'avatar' => '/static/images/pkq.png',
  'signature' => '',
  'status' => '0',
  'login_time' => '0',
  'create_time' => '0',
  'update_time' => '0',
  'delete_time' => '0',
)
2024-11-11 07:48:59'	1	array (
  'from_id' => 1,
  'to_id' => 2,
  'from_username' => 'hepm',
  'to_username' => 'fish',
  'type' => 1,
  'status' => 0,
  'content' => '很好很强大2024-11-10 22:29:49',
  'group_id' => 1,
  'send_time' => 1731248989,
  'create_time' => 1731248989,
)
2024-11-11 07:48:59'	1	array (
  'id' => '2',
  'socket_id' => '19',
  'username' => 'fish',
  'password' => '123456',
  'salt' => '',
  'nickname' => '匿名',
  'avatar' => '/static/images/pkq.png',
  'signature' => '',
  'status' => '0',
  'login_time' => '0',
  'create_time' => '0',
  'update_time' => '0',
  'delete_time' => '0',
)
2024-11-11 07:49:46'	1	array (
  'from_id' => 1,
  'to_id' => 2,
  'from_username' => 'hepm',
  'to_username' => 'fish',
  'type' => 1,
  'status' => 0,
  'content' => '很好很强大2024-11-10 22:29:49',
  'group_id' => 1,
  'send_time' => 1731248989,
  'create_time' => 1731248989,
)
2024-11-11 07:49:46'	1	array (
  'id' => '2',
  'socket_id' => '19',
  'username' => 'fish',
  'password' => '123456',
  'salt' => '',
  'nickname' => '匿名',
  'avatar' => '/static/images/pkq.png',
  'signature' => '',
  'status' => '0',
  'login_time' => '0',
  'create_time' => '0',
  'update_time' => '0',
  'delete_time' => '0',
)
2024-11-11 08:08:33'	2
2024-11-11 08:08:33'	2	array (
  'onopen' => 1,
  'from_username' => 'fish',
)
2024-11-11 08:08:39'	2	array (
  'from_id' => 2,
  'to_id' => 1,
  'from_username' => 'fish',
  'to_username' => 'hepm',
  'type' => 1,
  'status' => 0,
  'content' => '很好很强大2024-11-10 22:29:49',
  'group_id' => 1,
  'send_time' => 1731248989,
  'create_time' => 1731248989,
)
2024-11-11 08:08:39'	2	array (
  'id' => '1',
  'socket_id' => '1',
  'username' => 'hepm',
  'password' => '123456',
  'salt' => '',
  'nickname' => '匿名',
  'avatar' => '/static/images/pkq.png',
  'signature' => '',
  'status' => '0',
  'login_time' => '0',
  'create_time' => '0',
  'update_time' => '0',
  'delete_time' => '0',
)
2024-11-11 08:08:48'	3
2024-11-11 08:08:48'	3	array (
  'onopen' => 1,
  'from_username' => 'hepm',
)
2024-11-11 08:08:53'	3	array (
  'from_id' => 1,
  'to_id' => 2,
  'from_username' => 'hepm',
  'to_username' => 'fish',
  'type' => 1,
  'status' => 0,
  'content' => '很好很强大2024-11-10 22:29:49',
  'group_id' => 1,
  'send_time' => 1731248989,
  'create_time' => 1731248989,
)
2024-11-11 08:08:53'	3	array (
  'id' => '2',
  'socket_id' => '2',
  'username' => 'fish',
  'password' => '123456',
  'salt' => '',
  'nickname' => '匿名',
  'avatar' => '/static/images/pkq.png',
  'signature' => '',
  'status' => '0',
  'login_time' => '0',
  'create_time' => '0',
  'update_time' => '0',
  'delete_time' => '0',
)
2024-11-11 08:08:59'	2	array (
  'from_id' => 2,
  'to_id' => 1,
  'from_username' => 'fish',
  'to_username' => 'hepm',
  'type' => 1,
  'status' => 0,
  'content' => '很好很强大2024-11-10 22:29:49',
  'group_id' => 1,
  'send_time' => 1731248989,
  'create_time' => 1731248989,
)
2024-11-11 08:08:59'	2	array (
  'id' => '1',
  'socket_id' => '3',
  'username' => 'hepm',
  'password' => '123456',
  'salt' => '',
  'nickname' => '匿名',
  'avatar' => '/static/images/pkq.png',
  'signature' => '',
  'status' => '0',
  'login_time' => '0',
  'create_time' => '0',
  'update_time' => '0',
  'delete_time' => '0',
)
2024-11-11 08:09:05'	3	array (
  'from_id' => 1,
  'to_id' => 2,
  'from_username' => 'hepm',
  'to_username' => 'fish',
  'type' => 1,
  'status' => 0,
  'content' => '很好很强大2024-11-10 22:29:49',
  'group_id' => 1,
  'send_time' => 1731248989,
  'create_time' => 1731248989,
)
2024-11-11 08:09:05'	3	array (
  'id' => '2',
  'socket_id' => '2',
  'username' => 'fish',
  'password' => '123456',
  'salt' => '',
  'nickname' => '匿名',
  'avatar' => '/static/images/pkq.png',
  'signature' => '',
  'status' => '0',
  'login_time' => '0',
  'create_time' => '0',
  'update_time' => '0',
  'delete_time' => '0',
)
2024-11-11 08:09:12'	2	array (
  'from_id' => 2,
  'to_id' => 1,
  'from_username' => 'fish',
  'to_username' => 'hepm',
  'type' => 1,
  'status' => 0,
  'content' => '很好很强大2024-11-10 22:29:49',
  'group_id' => 1,
  'send_time' => 1731248989,
  'create_time' => 1731248989,
)
2024-11-11 08:09:13'	2	array (
  'id' => '1',
  'socket_id' => '3',
  'username' => 'hepm',
  'password' => '123456',
  'salt' => '',
  'nickname' => '匿名',
  'avatar' => '/static/images/pkq.png',
  'signature' => '',
  'status' => '0',
  'login_time' => '0',
  'create_time' => '0',
  'update_time' => '0',
  'delete_time' => '0',
)
2024-11-11 08:09:24'	2	array (
  'from_id' => 2,
  'to_id' => 1,
  'from_username' => 'fish',
  'to_username' => 'hepm',
  'type' => 1,
  'status' => 0,
  'content' => '很好很强大2024-11-10 22:29:49',
  'group_id' => 1,
  'send_time' => 1731248989,
  'create_time' => 1731248989,
)
2024-11-11 08:09:24'	2	array (
  'id' => '1',
  'socket_id' => '3',
  'username' => 'hepm',
  'password' => '123456',
  'salt' => '',
  'nickname' => '匿名',
  'avatar' => '/static/images/pkq.png',
  'signature' => '',
  'status' => '0',
  'login_time' => '0',
  'create_time' => '0',
  'update_time' => '0',
  'delete_time' => '0',
)
2024-11-11 08:09:39'	2	array (
  'from_id' => 2,
  'to_id' => 1,
  'from_username' => 'fish',
  'to_username' => 'hepm',
  'type' => 1,
  'status' => 0,
  'content' => '很好很强大2024-11-10 22:29:49',
  'group_id' => 1,
  'send_time' => 1731248989,
  'create_time' => 1731248989,
)
2024-11-11 08:09:39'	2	array (
  'id' => '1',
  'socket_id' => '3',
  'username' => 'hepm',
  'password' => '123456',
  'salt' => '',
  'nickname' => '匿名',
  'avatar' => '/static/images/pkq.png',
  'signature' => '',
  'status' => '0',
  'login_time' => '0',
  'create_time' => '0',
  'update_time' => '0',
  'delete_time' => '0',
)
2024-11-11 08:09:44'	3	array (
  'from_id' => 1,
  'to_id' => 2,
  'from_username' => 'hepm',
  'to_username' => 'fish',
  'type' => 1,
  'status' => 0,
  'content' => '很好很强大2024-11-10 22:29:49',
  'group_id' => 1,
  'send_time' => 1731248989,
  'create_time' => 1731248989,
)
2024-11-11 08:09:45'	3	array (
  'id' => '2',
  'socket_id' => '2',
  'username' => 'fish',
  'password' => '123456',
  'salt' => '',
  'nickname' => '匿名',
  'avatar' => '/static/images/pkq.png',
  'signature' => '',
  'status' => '0',
  'login_time' => '0',
  'create_time' => '0',
  'update_time' => '0',
  'delete_time' => '0',
)
2024-11-11 08:09:50'	2	array (
  'from_id' => 2,
  'to_id' => 1,
  'from_username' => 'fish',
  'to_username' => 'hepm',
  'type' => 1,
  'status' => 0,
  'content' => '很好很强大2024-11-10 22:29:49',
  'group_id' => 1,
  'send_time' => 1731248989,
  'create_time' => 1731248989,
)
2024-11-11 08:09:50'	2	array (
  'id' => '1',
  'socket_id' => '3',
  'username' => 'hepm',
  'password' => '123456',
  'salt' => '',
  'nickname' => '匿名',
  'avatar' => '/static/images/pkq.png',
  'signature' => '',
  'status' => '0',
  'login_time' => '0',
  'create_time' => '0',
  'update_time' => '0',
  'delete_time' => '0',
)
