{"ts":1729829294767,"action":"IDE_DEACTIVATED"}
{"ts":1729829295447,"action":"IDE_ACTIVATED"}
{"ts":1729829292243,"action":"PROJECT_OPENED","tags":{"PROJECT_NAME":"fish"}}
{"ts":1729829300748,"action":"IDE_DEACTIVATED"}
{"ts":1729829350359,"action":"IDE_ACTIVATED"}
{"ts":1729829362065,"action":"FILE_CLOSED","file":"/web/log/model_db_sql.log","tags":{"FILE_LINE_OF_CODE":"4608"}}
{"ts":1729829362065,"action":"FILE_OPENED","file":"/app/controllers/admin/Group.php","tags":{"FILE_LINE_OF_CODE":"98"}}
{"ts":1729829403754,"action":"FILE_CLOSED","file":"/app/controllers/admin/Group.php","tags":{"FILE_LINE_OF_CODE":"97"}}
{"ts":1729829403754,"action":"FILE_OPENED","file":"/app/configs/const.php","tags":{"FILE_LINE_OF_CODE":"13"}}
{"ts":1729829409069,"action":"IDE_DEACTIVATED"}
{"ts":1729829421354,"action":"IDE_ACTIVATED"}
{"ts":1729829459875,"action":"IDE_DEACTIVATED"}
{"ts":1729829463863,"action":"IDE_ACTIVATED"}
{"ts":1729829473896,"action":"IDE_DEACTIVATED"}
{"ts":1729829509664,"action":"IDE_ACTIVATED"}
{"ts":1729829518098,"action":"IDE_DEACTIVATED"}
{"ts":1729829520539,"action":"IDE_ACTIVATED"}
{"ts":1729829544678,"action":"FILE_CLOSED","file":"/app/configs/const.php","tags":{"FILE_LINE_OF_CODE":"13"}}
{"ts":1729829544831,"action":"PROJECT_CLOSED","tags":{"PROJECT_NAME":"fish"}}
{"ts":1729829552341,"action":"IDE_DEACTIVATED"}
{"ts":1729829553900,"action":"FILE_OPENED","file":"/app/views/admin/group/edit_permission.php","tags":{"FILE_LINE_OF_CODE":"272"}}
{"ts":1729829557896,"action":"PROJECT_OPENED","tags":{"PROJECT_NAME":"fish"}}
{"ts":1729829559204,"action":"IDE_ACTIVATED"}
{"ts":1729829591683,"action":"IDE_DEACTIVATED"}
{"ts":1729829602334,"action":"IDE_ACTIVATED"}
{"ts":1729829632244,"action":"FILE_CLOSED","file":"/app/views/admin/group/edit_permission.php","tags":{"FILE_LINE_OF_CODE":"272"}}
{"ts":1729829632244,"action":"FILE_OPENED","file":"/app/configs/const.php","tags":{"FILE_LINE_OF_CODE":"13"}}
{"ts":1729829652851,"action":"IDE_DEACTIVATED"}
{"ts":1729829657906,"action":"IDE_ACTIVATED"}
{"ts":1729829713590,"action":"IDE_DEACTIVATED"}
{"ts":1729829739556,"action":"IDE_ACTIVATED"}
{"ts":1729829742650,"action":"IDE_DEACTIVATED"}
{"ts":1729829763354,"action":"IDE_ACTIVATED"}
{"ts":1729829764783,"action":"IDE_DEACTIVATED"}
{"ts":1729829786119,"action":"IDE_ACTIVATED"}
{"ts":1729829787405,"action":"IDE_DEACTIVATED"}
{"ts":1729829791310,"action":"IDE_ACTIVATED"}
{"ts":1729829808528,"action":"PROJECT_CLOSED","tags":{"PROJECT_NAME":"fish"}}
