[20-Oct-2024 12:02:58 Asia/Shanghai] PHP Fatal error:  Uncaught PDOException: SQLSTATE[HY000] [1045] Access denied for user 'root'@'localhost' (using password: NO) in E:\data\www\fish\web\tool\mysql_show.php:33
Stack trace:
#0 E:\data\www\fish\web\tool\mysql_show.php(33): PDO->__construct('mysql:host=127....', 'root', Object(SensitiveParameterValue), Array)
#1 {main}
  thrown in E:\data\www\fish\web\tool\mysql_show.php on line 33
[20-Oct-2024 12:02:59 Asia/Shanghai] PHP Fatal error:  Uncaught PDOException: SQLSTATE[HY000] [1045] Access denied for user 'root'@'localhost' (using password: NO) in E:\data\www\fish\web\tool\mysql_show.php:33
Stack trace:
#0 E:\data\www\fish\web\tool\mysql_show.php(33): PDO->__construct('mysql:host=127....', 'root', Object(SensitiveParameterValue), Array)
#1 {main}
  thrown in E:\data\www\fish\web\tool\mysql_show.php on line 33
[20-Oct-2024 12:02:59 Asia/Shanghai] PHP Fatal error:  Uncaught PDOException: SQLSTATE[HY000] [1045] Access denied for user 'root'@'localhost' (using password: NO) in E:\data\www\fish\web\tool\mysql_show.php:33
Stack trace:
#0 E:\data\www\fish\web\tool\mysql_show.php(33): PDO->__construct('mysql:host=127....', 'root', Object(SensitiveParameterValue), Array)
#1 {main}
  thrown in E:\data\www\fish\web\tool\mysql_show.php on line 33
[20-Oct-2024 12:03:37 Asia/Shanghai] PHP Warning:  A non-numeric value encountered in E:\data\www\fish\web\tool\mysql_show.php on line 141
[20-Oct-2024 12:03:37 Asia/Shanghai] PHP Warning:  A non-numeric value encountered in E:\data\www\fish\web\tool\mysql_show.php on line 141
[20-Oct-2024 12:03:37 Asia/Shanghai] PHP Warning:  A non-numeric value encountered in E:\data\www\fish\web\tool\mysql_show.php on line 141
[20-Oct-2024 12:03:37 Asia/Shanghai] PHP Warning:  A non-numeric value encountered in E:\data\www\fish\web\tool\mysql_show.php on line 141
[20-Oct-2024 12:03:37 Asia/Shanghai] PHP Warning:  A non-numeric value encountered in E:\data\www\fish\web\tool\mysql_show.php on line 141
[20-Oct-2024 12:03:37 Asia/Shanghai] PHP Warning:  A non-numeric value encountered in E:\data\www\fish\web\tool\mysql_show.php on line 141
[20-Oct-2024 12:03:37 Asia/Shanghai] PHP Warning:  A non-numeric value encountered in E:\data\www\fish\web\tool\mysql_show.php on line 141
[20-Oct-2024 12:03:37 Asia/Shanghai] PHP Warning:  A non-numeric value encountered in E:\data\www\fish\web\tool\mysql_show.php on line 141
[20-Oct-2024 12:03:37 Asia/Shanghai] PHP Warning:  A non-numeric value encountered in E:\data\www\fish\web\tool\mysql_show.php on line 141
[20-Oct-2024 12:03:37 Asia/Shanghai] PHP Warning:  A non-numeric value encountered in E:\data\www\fish\web\tool\mysql_show.php on line 141
[20-Oct-2024 12:03:37 Asia/Shanghai] PHP Warning:  A non-numeric value encountered in E:\data\www\fish\web\tool\mysql_show.php on line 141
[20-Oct-2024 12:03:37 Asia/Shanghai] PHP Warning:  A non-numeric value encountered in E:\data\www\fish\web\tool\mysql_show.php on line 141
[20-Oct-2024 12:03:37 Asia/Shanghai] PHP Warning:  A non-numeric value encountered in E:\data\www\fish\web\tool\mysql_show.php on line 141
[20-Oct-2024 12:03:37 Asia/Shanghai] PHP Warning:  A non-numeric value encountered in E:\data\www\fish\web\tool\mysql_show.php on line 141
[20-Oct-2024 12:03:37 Asia/Shanghai] PHP Warning:  A non-numeric value encountered in E:\data\www\fish\web\tool\mysql_show.php on line 141
[20-Oct-2024 12:03:37 Asia/Shanghai] PHP Warning:  A non-numeric value encountered in E:\data\www\fish\web\tool\mysql_show.php on line 141
[20-Oct-2024 12:03:37 Asia/Shanghai] PHP Warning:  A non-numeric value encountered in E:\data\www\fish\web\tool\mysql_show.php on line 141
[20-Oct-2024 12:03:37 Asia/Shanghai] PHP Warning:  A non-numeric value encountered in E:\data\www\fish\web\tool\mysql_show.php on line 141
[20-Oct-2024 12:03:37 Asia/Shanghai] PHP Warning:  A non-numeric value encountered in E:\data\www\fish\web\tool\mysql_show.php on line 141
[20-Oct-2024 12:03:37 Asia/Shanghai] PHP Warning:  A non-numeric value encountered in E:\data\www\fish\web\tool\mysql_show.php on line 141
[20-Oct-2024 12:03:37 Asia/Shanghai] PHP Warning:  A non-numeric value encountered in E:\data\www\fish\web\tool\mysql_show.php on line 141
[20-Oct-2024 12:03:37 Asia/Shanghai] PHP Warning:  A non-numeric value encountered in E:\data\www\fish\web\tool\mysql_show.php on line 141
[20-Oct-2024 12:03:37 Asia/Shanghai] PHP Warning:  A non-numeric value encountered in E:\data\www\fish\web\tool\mysql_show.php on line 141
[20-Oct-2024 12:03:37 Asia/Shanghai] PHP Warning:  A non-numeric value encountered in E:\data\www\fish\web\tool\mysql_show.php on line 141
[20-Oct-2024 12:03:37 Asia/Shanghai] PHP Warning:  A non-numeric value encountered in E:\data\www\fish\web\tool\mysql_show.php on line 141
[20-Oct-2024 12:03:37 Asia/Shanghai] PHP Warning:  A non-numeric value encountered in E:\data\www\fish\web\tool\mysql_show.php on line 141
[20-Oct-2024 12:03:37 Asia/Shanghai] PHP Warning:  A non-numeric value encountered in E:\data\www\fish\web\tool\mysql_show.php on line 141
[20-Oct-2024 12:03:37 Asia/Shanghai] PHP Warning:  A non-numeric value encountered in E:\data\www\fish\web\tool\mysql_show.php on line 141
[20-Oct-2024 12:03:37 Asia/Shanghai] PHP Warning:  A non-numeric value encountered in E:\data\www\fish\web\tool\mysql_show.php on line 141
[20-Oct-2024 12:03:37 Asia/Shanghai] PHP Warning:  A non-numeric value encountered in E:\data\www\fish\web\tool\mysql_show.php on line 141
[20-Oct-2024 12:03:37 Asia/Shanghai] PHP Warning:  A non-numeric value encountered in E:\data\www\fish\web\tool\mysql_show.php on line 141
[20-Oct-2024 12:03:37 Asia/Shanghai] PHP Warning:  A non-numeric value encountered in E:\data\www\fish\web\tool\mysql_show.php on line 141
[20-Oct-2024 12:03:37 Asia/Shanghai] PHP Warning:  A non-numeric value encountered in E:\data\www\fish\web\tool\mysql_show.php on line 141
[20-Oct-2024 12:03:37 Asia/Shanghai] PHP Warning:  A non-numeric value encountered in E:\data\www\fish\web\tool\mysql_show.php on line 141
[20-Oct-2024 12:03:37 Asia/Shanghai] PHP Warning:  A non-numeric value encountered in E:\data\www\fish\web\tool\mysql_show.php on line 141
[20-Oct-2024 12:03:37 Asia/Shanghai] PHP Warning:  A non-numeric value encountered in E:\data\www\fish\web\tool\mysql_show.php on line 141
[20-Oct-2024 12:03:37 Asia/Shanghai] PHP Warning:  A non-numeric value encountered in E:\data\www\fish\web\tool\mysql_show.php on line 141
[20-Oct-2024 12:03:37 Asia/Shanghai] PHP Warning:  A non-numeric value encountered in E:\data\www\fish\web\tool\mysql_show.php on line 141
[20-Oct-2024 12:03:37 Asia/Shanghai] PHP Warning:  A non-numeric value encountered in E:\data\www\fish\web\tool\mysql_show.php on line 141
[20-Oct-2024 12:03:37 Asia/Shanghai] PHP Warning:  A non-numeric value encountered in E:\data\www\fish\web\tool\mysql_show.php on line 141
[20-Oct-2024 12:03:37 Asia/Shanghai] PHP Warning:  A non-numeric value encountered in E:\data\www\fish\web\tool\mysql_show.php on line 141
[20-Oct-2024 12:03:37 Asia/Shanghai] PHP Warning:  A non-numeric value encountered in E:\data\www\fish\web\tool\mysql_show.php on line 141
[20-Oct-2024 12:03:37 Asia/Shanghai] PHP Warning:  A non-numeric value encountered in E:\data\www\fish\web\tool\mysql_show.php on line 141
[20-Oct-2024 12:03:37 Asia/Shanghai] PHP Warning:  A non-numeric value encountered in E:\data\www\fish\web\tool\mysql_show.php on line 141
[20-Oct-2024 12:03:37 Asia/Shanghai] PHP Warning:  A non-numeric value encountered in E:\data\www\fish\web\tool\mysql_show.php on line 141
[20-Oct-2024 12:03:37 Asia/Shanghai] PHP Warning:  A non-numeric value encountered in E:\data\www\fish\web\tool\mysql_show.php on line 141
[20-Oct-2024 12:03:37 Asia/Shanghai] PHP Warning:  A non-numeric value encountered in E:\data\www\fish\web\tool\mysql_show.php on line 141
[20-Oct-2024 12:03:37 Asia/Shanghai] PHP Warning:  A non-numeric value encountered in E:\data\www\fish\web\tool\mysql_show.php on line 141
[20-Oct-2024 12:03:37 Asia/Shanghai] PHP Warning:  A non-numeric value encountered in E:\data\www\fish\web\tool\mysql_show.php on line 141
[20-Oct-2024 12:03:37 Asia/Shanghai] PHP Warning:  A non-numeric value encountered in E:\data\www\fish\web\tool\mysql_show.php on line 141
[20-Oct-2024 12:03:37 Asia/Shanghai] PHP Warning:  A non-numeric value encountered in E:\data\www\fish\web\tool\mysql_show.php on line 141
[20-Oct-2024 12:03:37 Asia/Shanghai] PHP Warning:  A non-numeric value encountered in E:\data\www\fish\web\tool\mysql_show.php on line 141
[20-Oct-2024 12:03:37 Asia/Shanghai] PHP Warning:  A non-numeric value encountered in E:\data\www\fish\web\tool\mysql_show.php on line 141
[20-Oct-2024 12:03:37 Asia/Shanghai] PHP Warning:  A non-numeric value encountered in E:\data\www\fish\web\tool\mysql_show.php on line 141
[20-Oct-2024 12:03:37 Asia/Shanghai] PHP Warning:  A non-numeric value encountered in E:\data\www\fish\web\tool\mysql_show.php on line 141
[20-Oct-2024 12:03:37 Asia/Shanghai] PHP Warning:  A non-numeric value encountered in E:\data\www\fish\web\tool\mysql_show.php on line 141
[20-Oct-2024 12:03:37 Asia/Shanghai] PHP Warning:  A non-numeric value encountered in E:\data\www\fish\web\tool\mysql_show.php on line 141
[20-Oct-2024 12:03:37 Asia/Shanghai] PHP Warning:  A non-numeric value encountered in E:\data\www\fish\web\tool\mysql_show.php on line 141
[20-Oct-2024 12:03:37 Asia/Shanghai] PHP Warning:  A non-numeric value encountered in E:\data\www\fish\web\tool\mysql_show.php on line 141
[20-Oct-2024 12:03:37 Asia/Shanghai] PHP Warning:  A non-numeric value encountered in E:\data\www\fish\web\tool\mysql_show.php on line 141
[20-Oct-2024 12:03:37 Asia/Shanghai] PHP Warning:  A non-numeric value encountered in E:\data\www\fish\web\tool\mysql_show.php on line 141
[20-Oct-2024 12:03:37 Asia/Shanghai] PHP Warning:  A non-numeric value encountered in E:\data\www\fish\web\tool\mysql_show.php on line 141
[20-Oct-2024 12:03:37 Asia/Shanghai] PHP Warning:  A non-numeric value encountered in E:\data\www\fish\web\tool\mysql_show.php on line 141
[20-Oct-2024 12:03:37 Asia/Shanghai] PHP Warning:  A non-numeric value encountered in E:\data\www\fish\web\tool\mysql_show.php on line 141
[20-Oct-2024 12:03:37 Asia/Shanghai] PHP Warning:  A non-numeric value encountered in E:\data\www\fish\web\tool\mysql_show.php on line 141
[20-Oct-2024 12:03:37 Asia/Shanghai] PHP Warning:  A non-numeric value encountered in E:\data\www\fish\web\tool\mysql_show.php on line 141
[20-Oct-2024 12:03:37 Asia/Shanghai] PHP Warning:  A non-numeric value encountered in E:\data\www\fish\web\tool\mysql_show.php on line 141
[20-Oct-2024 12:03:37 Asia/Shanghai] PHP Warning:  A non-numeric value encountered in E:\data\www\fish\web\tool\mysql_show.php on line 141
[20-Oct-2024 12:04:28 Asia/Shanghai] PHP Warning:  Undefined array key "2\" in E:\data\www\fish\web\tool\mysql_show.php on line 74
[20-Oct-2024 12:04:28 Asia/Shanghai] PHP Fatal error:  Uncaught TypeError: call_user_func(): Argument #1 ($callback) must be a valid callback, no array or string given in E:\data\www\fish\web\tool\mysql_show.php:74
Stack trace:
#0 {main}
  thrown in E:\data\www\fish\web\tool\mysql_show.php on line 74
[20-Oct-2024 12:18:35 Asia/Shanghai] PHP Fatal error:  Uncaught RedisException: 由于目标计算机积极拒绝，无法连接。 in E:\data\www\fish\web\tool\redis_admin.php:55
Stack trace:
#0 E:\data\www\fish\web\tool\redis_admin.php(55): Redis->connect('127.0.0.1', 6379, 5)
#1 {main}
  thrown in E:\data\www\fish\web\tool\redis_admin.php on line 55
[20-Oct-2024 12:18:42 Asia/Shanghai] PHP Fatal error:  Uncaught RedisException: 由于目标计算机积极拒绝，无法连接。 in E:\data\www\fish\web\tool\redis_admin.php:55
Stack trace:
#0 E:\data\www\fish\web\tool\redis_admin.php(55): Redis->connect('127.0.0.1', 6379, 5)
#1 {main}
  thrown in E:\data\www\fish\web\tool\redis_admin.php on line 55
[20-Oct-2024 12:18:56 Asia/Shanghai] PHP Deprecated:  Creation of dynamic property Html::$server is deprecated in E:\data\www\fish\web\tool\redis_admin.php on line 161
[20-Oct-2024 12:18:56 Asia/Shanghai] PHP Deprecated:  Creation of dynamic property Html::$db is deprecated in E:\data\www\fish\web\tool\redis_admin.php on line 162
[20-Oct-2024 12:18:56 Asia/Shanghai] PHP Deprecated:  Creation of dynamic property Html::$script_name is deprecated in E:\data\www\fish\web\tool\redis_admin.php on line 165
[20-Oct-2024 12:18:56 Asia/Shanghai] PHP Deprecated:  Creation of dynamic property Html::$action is deprecated in E:\data\www\fish\web\tool\redis_admin.php on line 168
[20-Oct-2024 12:18:56 Asia/Shanghai] PHP Deprecated:  Creation of dynamic property Html::$pattern is deprecated in E:\data\www\fish\web\tool\redis_admin.php on line 171
[20-Oct-2024 12:18:56 Asia/Shanghai] PHP Deprecated:  Creation of dynamic property Html::$list is deprecated in E:\data\www\fish\web\tool\redis_admin.php on line 174
[20-Oct-2024 12:19:55 Asia/Shanghai] PHP Deprecated:  Creation of dynamic property Html::$script_name is deprecated in E:\data\www\fish\web\tool\redis_admin.php on line 169
[20-Oct-2024 12:19:55 Asia/Shanghai] PHP Deprecated:  Creation of dynamic property Html::$action is deprecated in E:\data\www\fish\web\tool\redis_admin.php on line 172
[20-Oct-2024 12:19:55 Asia/Shanghai] PHP Deprecated:  Creation of dynamic property Html::$pattern is deprecated in E:\data\www\fish\web\tool\redis_admin.php on line 175
[20-Oct-2024 12:19:55 Asia/Shanghai] PHP Deprecated:  Creation of dynamic property Html::$list is deprecated in E:\data\www\fish\web\tool\redis_admin.php on line 178
[20-Oct-2024 12:25:21 Asia/Shanghai] PHP Warning:  Undefined variable $bootstrap_css in E:\data\www\fish\web\tool\redis_admin.php on line 277
[20-Oct-2024 12:25:21 Asia/Shanghai] PHP Warning:  Undefined variable $static_jquery in E:\data\www\fish\web\tool\redis_admin.php on line 278
[20-Oct-2024 12:25:38 Asia/Shanghai] PHP Warning:  Undefined variable $bootstrap_css in E:\data\www\fish\web\tool\redis_admin.php on line 277
[20-Oct-2024 12:25:38 Asia/Shanghai] PHP Warning:  Undefined variable $static_jquery in E:\data\www\fish\web\tool\redis_admin.php on line 278
[20-Oct-2024 12:25:39 Asia/Shanghai] PHP Warning:  Undefined variable $bootstrap_css in E:\data\www\fish\web\tool\redis_admin.php on line 277
[20-Oct-2024 12:25:39 Asia/Shanghai] PHP Warning:  Undefined variable $static_jquery in E:\data\www\fish\web\tool\redis_admin.php on line 278
[20-Oct-2024 12:25:39 Asia/Shanghai] PHP Warning:  Undefined variable $bootstrap_css in E:\data\www\fish\web\tool\redis_admin.php on line 277
[20-Oct-2024 12:25:39 Asia/Shanghai] PHP Warning:  Undefined variable $static_jquery in E:\data\www\fish\web\tool\redis_admin.php on line 278
[20-Oct-2024 12:25:59 Asia/Shanghai] PHP Parse error:  syntax error, unexpected token "=", expecting "->" or "?->" or "{" or "[" in E:\data\www\fish\web\tool\redis_admin.php on line 353
[20-Oct-2024 12:26:11 Asia/Shanghai] PHP Parse error:  syntax error, unexpected token "=", expecting "->" or "?->" or "{" or "[" in E:\data\www\fish\web\tool\redis_admin.php on line 353
[20-Oct-2024 12:26:12 Asia/Shanghai] PHP Parse error:  syntax error, unexpected token "=", expecting "->" or "?->" or "{" or "[" in E:\data\www\fish\web\tool\redis_admin.php on line 353
[20-Oct-2024 12:26:41 Asia/Shanghai] PHP Parse error:  syntax error, unexpected token "=", expecting "->" or "?->" or "{" or "[" in E:\data\www\fish\web\tool\redis_admin.php on line 354
[20-Oct-2024 12:26:41 Asia/Shanghai] PHP Parse error:  syntax error, unexpected token "=", expecting "->" or "?->" or "{" or "[" in E:\data\www\fish\web\tool\redis_admin.php on line 354
[20-Oct-2024 12:26:41 Asia/Shanghai] PHP Parse error:  syntax error, unexpected token "=", expecting "->" or "?->" or "{" or "[" in E:\data\www\fish\web\tool\redis_admin.php on line 354
